INFO - 2023-08-06 04:48:17 --> Session: Class initialized using 'CodeIgniter\Session\Handlers\FileHandler' driver.
INFO - 2023-08-06 04:48:39 --> Session: Class initialized using 'CodeIgniter\Session\Handlers\FileHandler' driver.
INFO - 2023-08-06 04:48:40 --> Session: Class initialized using 'CodeIgniter\Session\Handlers\FileHandler' driver.
INFO - 2023-08-06 04:57:04 --> Session: Class initialized using 'CodeIgniter\Session\Handlers\FileHandler' driver.
INFO - 2023-08-06 04:57:04 --> Session: Class initialized using 'CodeIgniter\Session\Handlers\FileHandler' driver.
INFO - 2023-08-06 05:00:02 --> Session: Class initialized using 'CodeIgniter\Session\Handlers\FileHandler' driver.
INFO - 2023-08-06 05:00:04 --> Session: Class initialized using 'CodeIgniter\Session\Handlers\FileHandler' driver.
WARNING - 2023-08-06 05:00:04 --> [DEPRECATED] Optional parameter $status declared before required parameter $kecamatan_id is implicitly treated as a required parameter in APPPATH\Entities\JenisBansos.php on line 20.
 1 SYSTEMPATH\Autoloader\Autoloader.php(312): include_once('C:\\laragon\\www\\bansos\\system\\Debug\\Exceptions.php')
 2 SYSTEMPATH\Autoloader\Autoloader.php(289): CodeIgniter\Autoloader\Autoloader->includeFile('C:\\laragon\\www\\bansos\\app\\Entities\\JenisBansos.php')
 3 SYSTEMPATH\Autoloader\Autoloader.php(267): CodeIgniter\Autoloader\Autoloader->loadInNamespace('App\\Entities\\JenisBansos')
 4 [internal function]: CodeIgniter\Autoloader\Autoloader->loadClass('App\\Entities\\JenisBansos')
 5 SYSTEMPATH\Database\MySQLi\Result.php(150): is_subclass_of('App\\Entities\\JenisBansos', 'CodeIgniter\\Entity\\Entity')
 6 SYSTEMPATH\Database\BaseResult.php(159): CodeIgniter\Database\MySQLi\Result->fetchObject('App\\Entities\\JenisBansos')
 7 SYSTEMPATH\Database\BaseResult.php(114): CodeIgniter\Database\BaseResult->getCustomResultObject('App\\Entities\\JenisBansos')
 8 SYSTEMPATH\Model.php(242): CodeIgniter\Database\BaseResult->getResult('App\\Entities\\JenisBansos')
 9 SYSTEMPATH\BaseModel.php(618): CodeIgniter\Model->doFindAll(0, 0)
10 APPPATH\Controllers\Surveillance\SurveillanceController.php(14): CodeIgniter\BaseModel->findAll()
11 SYSTEMPATH\CodeIgniter.php(932): App\Controllers\Surveillance\SurveillanceController->index()
12 SYSTEMPATH\CodeIgniter.php(497): CodeIgniter\CodeIgniter->runController(Object(App\Controllers\Surveillance\SurveillanceController))
13 SYSTEMPATH\CodeIgniter.php(366): CodeIgniter\CodeIgniter->handleRequest(null, Object(Config\Cache), false)
14 FCPATH\index.php(67): CodeIgniter\CodeIgniter->run()
15 SYSTEMPATH\Commands\Server\rewrite.php(47): require_once('C:\\laragon\\www\\bansos\\public\\index.php')
INFO - 2023-08-06 05:00:37 --> Session: Class initialized using 'CodeIgniter\Session\Handlers\FileHandler' driver.
WARNING - 2023-08-06 05:00:37 --> [DEPRECATED] Optional parameter $status declared before required parameter $kecamatan_id is implicitly treated as a required parameter in APPPATH\Entities\JenisBansos.php on line 20.
 1 SYSTEMPATH\Autoloader\Autoloader.php(312): include_once('C:\\laragon\\www\\bansos\\system\\Debug\\Exceptions.php')
 2 SYSTEMPATH\Autoloader\Autoloader.php(289): CodeIgniter\Autoloader\Autoloader->includeFile('C:\\laragon\\www\\bansos\\app\\Entities\\JenisBansos.php')
 3 SYSTEMPATH\Autoloader\Autoloader.php(267): CodeIgniter\Autoloader\Autoloader->loadInNamespace('App\\Entities\\JenisBansos')
 4 [internal function]: CodeIgniter\Autoloader\Autoloader->loadClass('App\\Entities\\JenisBansos')
 5 SYSTEMPATH\Database\MySQLi\Result.php(150): is_subclass_of('App\\Entities\\JenisBansos', 'CodeIgniter\\Entity\\Entity')
 6 SYSTEMPATH\Database\BaseResult.php(159): CodeIgniter\Database\MySQLi\Result->fetchObject('App\\Entities\\JenisBansos')
 7 SYSTEMPATH\Database\BaseResult.php(114): CodeIgniter\Database\BaseResult->getCustomResultObject('App\\Entities\\JenisBansos')
 8 SYSTEMPATH\Model.php(242): CodeIgniter\Database\BaseResult->getResult('App\\Entities\\JenisBansos')
 9 SYSTEMPATH\BaseModel.php(618): CodeIgniter\Model->doFindAll(0, 0)
10 APPPATH\Controllers\Surveillance\SurveillanceController.php(14): CodeIgniter\BaseModel->findAll()
11 SYSTEMPATH\CodeIgniter.php(932): App\Controllers\Surveillance\SurveillanceController->index()
12 SYSTEMPATH\CodeIgniter.php(497): CodeIgniter\CodeIgniter->runController(Object(App\Controllers\Surveillance\SurveillanceController))
13 SYSTEMPATH\CodeIgniter.php(366): CodeIgniter\CodeIgniter->handleRequest(null, Object(Config\Cache), false)
14 FCPATH\index.php(67): CodeIgniter\CodeIgniter->run()
15 SYSTEMPATH\Commands\Server\rewrite.php(47): require_once('C:\\laragon\\www\\bansos\\public\\index.php')
INFO - 2023-08-06 05:00:38 --> Session: Class initialized using 'CodeIgniter\Session\Handlers\FileHandler' driver.
INFO - 2023-08-06 05:00:39 --> Session: Class initialized using 'CodeIgniter\Session\Handlers\FileHandler' driver.
INFO - 2023-08-06 05:07:57 --> Session: Class initialized using 'CodeIgniter\Session\Handlers\FileHandler' driver.
INFO - 2023-08-06 05:07:59 --> Session: Class initialized using 'CodeIgniter\Session\Handlers\FileHandler' driver.
INFO - 2023-08-06 05:07:59 --> Session: Class initialized using 'CodeIgniter\Session\Handlers\FileHandler' driver.
INFO - 2023-08-06 05:09:08 --> Session: Class initialized using 'CodeIgniter\Session\Handlers\FileHandler' driver.
INFO - 2023-08-06 05:09:09 --> Session: Class initialized using 'CodeIgniter\Session\Handlers\FileHandler' driver.
INFO - 2023-08-06 05:09:09 --> Session: Class initialized using 'CodeIgniter\Session\Handlers\FileHandler' driver.
INFO - 2023-08-06 05:13:46 --> Session: Class initialized using 'CodeIgniter\Session\Handlers\FileHandler' driver.
INFO - 2023-08-06 05:13:48 --> Session: Class initialized using 'CodeIgniter\Session\Handlers\FileHandler' driver.
INFO - 2023-08-06 05:13:49 --> Session: Class initialized using 'CodeIgniter\Session\Handlers\FileHandler' driver.
INFO - 2023-08-06 05:49:39 --> Session: Class initialized using 'CodeIgniter\Session\Handlers\FileHandler' driver.
INFO - 2023-08-06 05:49:40 --> Session: Class initialized using 'CodeIgniter\Session\Handlers\FileHandler' driver.
WARNING - 2023-08-06 05:49:40 --> [DEPRECATED] Optional parameter $status declared before required parameter $kecamatan_id is implicitly treated as a required parameter in APPPATH\Entities\Bansos.php on line 28.
 1 SYSTEMPATH\Autoloader\Autoloader.php(312): include_once('C:\\laragon\\www\\bansos\\system\\Debug\\Exceptions.php')
 2 SYSTEMPATH\Autoloader\Autoloader.php(289): CodeIgniter\Autoloader\Autoloader->includeFile('C:\\laragon\\www\\bansos\\app\\Entities\\Bansos.php')
 3 SYSTEMPATH\Autoloader\Autoloader.php(267): CodeIgniter\Autoloader\Autoloader->loadInNamespace('App\\Entities\\Bansos')
 4 [internal function]: CodeIgniter\Autoloader\Autoloader->loadClass('App\\Entities\\Bansos')
 5 SYSTEMPATH\Database\MySQLi\Result.php(150): is_subclass_of('App\\Entities\\Bansos', 'CodeIgniter\\Entity\\Entity')
 6 SYSTEMPATH\Database\BaseResult.php(159): CodeIgniter\Database\MySQLi\Result->fetchObject('App\\Entities\\Bansos')
 7 SYSTEMPATH\Database\BaseResult.php(114): CodeIgniter\Database\BaseResult->getCustomResultObject('App\\Entities\\Bansos')
 8 SYSTEMPATH\Model.php(242): CodeIgniter\Database\BaseResult->getResult('App\\Entities\\Bansos')
 9 SYSTEMPATH\BaseModel.php(618): CodeIgniter\Model->doFindAll(0, 0)
10 APPPATH\Controllers\Surveillance\DataBansosController.php(19): CodeIgniter\BaseModel->findAll()
11 SYSTEMPATH\CodeIgniter.php(932): App\Controllers\Surveillance\DataBansosController->get_table()
12 SYSTEMPATH\CodeIgniter.php(497): CodeIgniter\CodeIgniter->runController(Object(App\Controllers\Surveillance\DataBansosController))
13 SYSTEMPATH\CodeIgniter.php(366): CodeIgniter\CodeIgniter->handleRequest(null, Object(Config\Cache), false)
14 FCPATH\index.php(67): CodeIgniter\CodeIgniter->run()
15 SYSTEMPATH\Commands\Server\rewrite.php(47): require_once('C:\\laragon\\www\\bansos\\public\\index.php')
WARNING - 2023-08-06 05:49:40 --> [DEPRECATED] Optional parameter $status declared before required parameter $kecamatan_id is implicitly treated as a required parameter in APPPATH\Entities\JenisBansos.php on line 20.
 1 SYSTEMPATH\Autoloader\Autoloader.php(312): include_once('C:\\laragon\\www\\bansos\\system\\Debug\\Exceptions.php')
 2 SYSTEMPATH\Autoloader\Autoloader.php(289): CodeIgniter\Autoloader\Autoloader->includeFile('C:\\laragon\\www\\bansos\\app\\Entities\\JenisBansos.php')
 3 SYSTEMPATH\Autoloader\Autoloader.php(267): CodeIgniter\Autoloader\Autoloader->loadInNamespace('App\\Entities\\JenisBansos')
 4 [internal function]: CodeIgniter\Autoloader\Autoloader->loadClass('App\\Entities\\JenisBansos')
 5 SYSTEMPATH\Database\MySQLi\Result.php(150): is_subclass_of('App\\Entities\\JenisBansos', 'CodeIgniter\\Entity\\Entity')
 6 SYSTEMPATH\Database\BaseResult.php(159): CodeIgniter\Database\MySQLi\Result->fetchObject('App\\Entities\\JenisBansos')
 7 SYSTEMPATH\Database\BaseResult.php(114): CodeIgniter\Database\BaseResult->getCustomResultObject('App\\Entities\\JenisBansos')
 8 SYSTEMPATH\Database\BaseResult.php(391): CodeIgniter\Database\BaseResult->getResult('App\\Entities\\JenisBansos')
 9 SYSTEMPATH\Model.php(201): CodeIgniter\Database\BaseResult->getFirstRow('App\\Entities\\JenisBansos')
10 SYSTEMPATH\BaseModel.php(557): CodeIgniter\Model->doFind(true, '5')
11 APPPATH\Entities\Bansos.php(21): CodeIgniter\BaseModel->find('5')
12 SYSTEMPATH\Entity\Entity.php(491): App\Entities\Bansos->getJenis()
13 APPPATH\Views\surveillance\bansos\table.php(22): CodeIgniter\Entity\Entity->__get('jenis')
14 SYSTEMPATH\View\View.php(224): include('C:\\laragon\\www\\bansos\\app\\Views\\surveillance\\bansos\\table.php')
15 SYSTEMPATH\View\View.php(227): CodeIgniter\View\View->CodeIgniter\View\{closure}()
16 SYSTEMPATH\Common.php(1180): CodeIgniter\View\View->render('surveillance/bansos/table', [], true)
17 APPPATH\Controllers\BaseController.php(66): view('surveillance/bansos/table', [...])
18 APPPATH\Controllers\Surveillance\DataBansosController.php(20): App\Controllers\BaseController->renderView('surveillance/bansos/table', [...])
19 SYSTEMPATH\CodeIgniter.php(932): App\Controllers\Surveillance\DataBansosController->get_table()
20 SYSTEMPATH\CodeIgniter.php(497): CodeIgniter\CodeIgniter->runController(Object(App\Controllers\Surveillance\DataBansosController))
21 SYSTEMPATH\CodeIgniter.php(366): CodeIgniter\CodeIgniter->handleRequest(null, Object(Config\Cache), false)
22 FCPATH\index.php(67): CodeIgniter\CodeIgniter->run()
23 SYSTEMPATH\Commands\Server\rewrite.php(47): require_once('C:\\laragon\\www\\bansos\\public\\index.php')
INFO - 2023-08-06 05:49:59 --> Session: Class initialized using 'CodeIgniter\Session\Handlers\FileHandler' driver.
WARNING - 2023-08-06 05:49:59 --> [DEPRECATED] Optional parameter $status declared before required parameter $kecamatan_id is implicitly treated as a required parameter in APPPATH\Entities\Bansos.php on line 28.
 1 SYSTEMPATH\Autoloader\Autoloader.php(312): include_once('C:\\laragon\\www\\bansos\\system\\Debug\\Exceptions.php')
 2 SYSTEMPATH\Autoloader\Autoloader.php(289): CodeIgniter\Autoloader\Autoloader->includeFile('C:\\laragon\\www\\bansos\\app\\Entities\\Bansos.php')
 3 SYSTEMPATH\Autoloader\Autoloader.php(267): CodeIgniter\Autoloader\Autoloader->loadInNamespace('App\\Entities\\Bansos')
 4 [internal function]: CodeIgniter\Autoloader\Autoloader->loadClass('App\\Entities\\Bansos')
 5 SYSTEMPATH\Database\MySQLi\Result.php(150): is_subclass_of('App\\Entities\\Bansos', 'CodeIgniter\\Entity\\Entity')
 6 SYSTEMPATH\Database\BaseResult.php(159): CodeIgniter\Database\MySQLi\Result->fetchObject('App\\Entities\\Bansos')
 7 SYSTEMPATH\Database\BaseResult.php(114): CodeIgniter\Database\BaseResult->getCustomResultObject('App\\Entities\\Bansos')
 8 SYSTEMPATH\Database\BaseResult.php(391): CodeIgniter\Database\BaseResult->getResult('App\\Entities\\Bansos')
 9 SYSTEMPATH\Model.php(201): CodeIgniter\Database\BaseResult->getFirstRow('App\\Entities\\Bansos')
10 SYSTEMPATH\BaseModel.php(557): CodeIgniter\Model->doFind(true, '3')
11 APPPATH\Controllers\Surveillance\DataBansosWargaController.php(17): CodeIgniter\BaseModel->find('3')
12 SYSTEMPATH\CodeIgniter.php(932): App\Controllers\Surveillance\DataBansosWargaController->index('3')
13 SYSTEMPATH\CodeIgniter.php(497): CodeIgniter\CodeIgniter->runController(Object(App\Controllers\Surveillance\DataBansosWargaController))
14 SYSTEMPATH\CodeIgniter.php(366): CodeIgniter\CodeIgniter->handleRequest(null, Object(Config\Cache), false)
15 FCPATH\index.php(67): CodeIgniter\CodeIgniter->run()
16 SYSTEMPATH\Commands\Server\rewrite.php(47): require_once('C:\\laragon\\www\\bansos\\public\\index.php')
INFO - 2023-08-06 05:50:00 --> Session: Class initialized using 'CodeIgniter\Session\Handlers\FileHandler' driver.
WARNING - 2023-08-06 05:50:00 --> [DEPRECATED] Optional parameter $status declared before required parameter $kecamatan_id is implicitly treated as a required parameter in APPPATH\Entities\Bansos.php on line 28.
 1 SYSTEMPATH\Autoloader\Autoloader.php(312): include_once('C:\\laragon\\www\\bansos\\system\\Debug\\Exceptions.php')
 2 SYSTEMPATH\Autoloader\Autoloader.php(289): CodeIgniter\Autoloader\Autoloader->includeFile('C:\\laragon\\www\\bansos\\app\\Entities\\Bansos.php')
 3 SYSTEMPATH\Autoloader\Autoloader.php(267): CodeIgniter\Autoloader\Autoloader->loadInNamespace('App\\Entities\\Bansos')
 4 [internal function]: CodeIgniter\Autoloader\Autoloader->loadClass('App\\Entities\\Bansos')
 5 SYSTEMPATH\Database\MySQLi\Result.php(150): is_subclass_of('App\\Entities\\Bansos', 'CodeIgniter\\Entity\\Entity')
 6 SYSTEMPATH\Database\BaseResult.php(159): CodeIgniter\Database\MySQLi\Result->fetchObject('App\\Entities\\Bansos')
 7 SYSTEMPATH\Database\BaseResult.php(114): CodeIgniter\Database\BaseResult->getCustomResultObject('App\\Entities\\Bansos')
 8 SYSTEMPATH\Database\BaseResult.php(391): CodeIgniter\Database\BaseResult->getResult('App\\Entities\\Bansos')
 9 SYSTEMPATH\Model.php(201): CodeIgniter\Database\BaseResult->getFirstRow('App\\Entities\\Bansos')
10 SYSTEMPATH\BaseModel.php(557): CodeIgniter\Model->doFind(true, '3')
11 APPPATH\Controllers\Surveillance\DataBansosWargaController.php(26): CodeIgniter\BaseModel->find('3')
12 SYSTEMPATH\CodeIgniter.php(932): App\Controllers\Surveillance\DataBansosWargaController->get_table('3')
13 SYSTEMPATH\CodeIgniter.php(497): CodeIgniter\CodeIgniter->runController(Object(App\Controllers\Surveillance\DataBansosWargaController))
14 SYSTEMPATH\CodeIgniter.php(366): CodeIgniter\CodeIgniter->handleRequest(null, Object(Config\Cache), false)
15 FCPATH\index.php(67): CodeIgniter\CodeIgniter->run()
16 SYSTEMPATH\Commands\Server\rewrite.php(47): require_once('C:\\laragon\\www\\bansos\\public\\index.php')
INFO - 2023-08-06 05:50:02 --> Session: Class initialized using 'CodeIgniter\Session\Handlers\FileHandler' driver.
INFO - 2023-08-06 05:50:02 --> Session: Class initialized using 'CodeIgniter\Session\Handlers\FileHandler' driver.
WARNING - 2023-08-06 05:50:02 --> [DEPRECATED] Optional parameter $status declared before required parameter $kecamatan_id is implicitly treated as a required parameter in APPPATH\Entities\Bansos.php on line 28.
 1 SYSTEMPATH\Autoloader\Autoloader.php(312): include_once('C:\\laragon\\www\\bansos\\system\\Debug\\Exceptions.php')
 2 SYSTEMPATH\Autoloader\Autoloader.php(289): CodeIgniter\Autoloader\Autoloader->includeFile('C:\\laragon\\www\\bansos\\app\\Entities\\Bansos.php')
 3 SYSTEMPATH\Autoloader\Autoloader.php(267): CodeIgniter\Autoloader\Autoloader->loadInNamespace('App\\Entities\\Bansos')
 4 [internal function]: CodeIgniter\Autoloader\Autoloader->loadClass('App\\Entities\\Bansos')
 5 SYSTEMPATH\Database\MySQLi\Result.php(150): is_subclass_of('App\\Entities\\Bansos', 'CodeIgniter\\Entity\\Entity')
 6 SYSTEMPATH\Database\BaseResult.php(159): CodeIgniter\Database\MySQLi\Result->fetchObject('App\\Entities\\Bansos')
 7 SYSTEMPATH\Database\BaseResult.php(114): CodeIgniter\Database\BaseResult->getCustomResultObject('App\\Entities\\Bansos')
 8 SYSTEMPATH\Model.php(242): CodeIgniter\Database\BaseResult->getResult('App\\Entities\\Bansos')
 9 SYSTEMPATH\BaseModel.php(618): CodeIgniter\Model->doFindAll(0, 0)
10 APPPATH\Controllers\Surveillance\DataBansosController.php(19): CodeIgniter\BaseModel->findAll()
11 SYSTEMPATH\CodeIgniter.php(932): App\Controllers\Surveillance\DataBansosController->get_table()
12 SYSTEMPATH\CodeIgniter.php(497): CodeIgniter\CodeIgniter->runController(Object(App\Controllers\Surveillance\DataBansosController))
13 SYSTEMPATH\CodeIgniter.php(366): CodeIgniter\CodeIgniter->handleRequest(null, Object(Config\Cache), false)
14 FCPATH\index.php(67): CodeIgniter\CodeIgniter->run()
15 SYSTEMPATH\Commands\Server\rewrite.php(47): require_once('C:\\laragon\\www\\bansos\\public\\index.php')
WARNING - 2023-08-06 05:50:02 --> [DEPRECATED] Optional parameter $status declared before required parameter $kecamatan_id is implicitly treated as a required parameter in APPPATH\Entities\JenisBansos.php on line 20.
 1 SYSTEMPATH\Autoloader\Autoloader.php(312): include_once('C:\\laragon\\www\\bansos\\system\\Debug\\Exceptions.php')
 2 SYSTEMPATH\Autoloader\Autoloader.php(289): CodeIgniter\Autoloader\Autoloader->includeFile('C:\\laragon\\www\\bansos\\app\\Entities\\JenisBansos.php')
 3 SYSTEMPATH\Autoloader\Autoloader.php(267): CodeIgniter\Autoloader\Autoloader->loadInNamespace('App\\Entities\\JenisBansos')
 4 [internal function]: CodeIgniter\Autoloader\Autoloader->loadClass('App\\Entities\\JenisBansos')
 5 SYSTEMPATH\Database\MySQLi\Result.php(150): is_subclass_of('App\\Entities\\JenisBansos', 'CodeIgniter\\Entity\\Entity')
 6 SYSTEMPATH\Database\BaseResult.php(159): CodeIgniter\Database\MySQLi\Result->fetchObject('App\\Entities\\JenisBansos')
 7 SYSTEMPATH\Database\BaseResult.php(114): CodeIgniter\Database\BaseResult->getCustomResultObject('App\\Entities\\JenisBansos')
 8 SYSTEMPATH\Database\BaseResult.php(391): CodeIgniter\Database\BaseResult->getResult('App\\Entities\\JenisBansos')
 9 SYSTEMPATH\Model.php(201): CodeIgniter\Database\BaseResult->getFirstRow('App\\Entities\\JenisBansos')
10 SYSTEMPATH\BaseModel.php(557): CodeIgniter\Model->doFind(true, '5')
11 APPPATH\Entities\Bansos.php(21): CodeIgniter\BaseModel->find('5')
12 SYSTEMPATH\Entity\Entity.php(491): App\Entities\Bansos->getJenis()
13 APPPATH\Views\surveillance\bansos\table.php(22): CodeIgniter\Entity\Entity->__get('jenis')
14 SYSTEMPATH\View\View.php(224): include('C:\\laragon\\www\\bansos\\app\\Views\\surveillance\\bansos\\table.php')
15 SYSTEMPATH\View\View.php(227): CodeIgniter\View\View->CodeIgniter\View\{closure}()
16 SYSTEMPATH\Common.php(1180): CodeIgniter\View\View->render('surveillance/bansos/table', [], true)
17 APPPATH\Controllers\BaseController.php(66): view('surveillance/bansos/table', [...])
18 APPPATH\Controllers\Surveillance\DataBansosController.php(20): App\Controllers\BaseController->renderView('surveillance/bansos/table', [...])
19 SYSTEMPATH\CodeIgniter.php(932): App\Controllers\Surveillance\DataBansosController->get_table()
20 SYSTEMPATH\CodeIgniter.php(497): CodeIgniter\CodeIgniter->runController(Object(App\Controllers\Surveillance\DataBansosController))
21 SYSTEMPATH\CodeIgniter.php(366): CodeIgniter\CodeIgniter->handleRequest(null, Object(Config\Cache), false)
22 FCPATH\index.php(67): CodeIgniter\CodeIgniter->run()
23 SYSTEMPATH\Commands\Server\rewrite.php(47): require_once('C:\\laragon\\www\\bansos\\public\\index.php')
INFO - 2023-08-06 05:51:57 --> Session: Class initialized using 'CodeIgniter\Session\Handlers\FileHandler' driver.
INFO - 2023-08-06 05:51:57 --> Session: Class initialized using 'CodeIgniter\Session\Handlers\FileHandler' driver.
WARNING - 2023-08-06 05:51:57 --> [DEPRECATED] Optional parameter $status declared before required parameter $kecamatan_id is implicitly treated as a required parameter in APPPATH\Entities\Bansos.php on line 28.
 1 SYSTEMPATH\Autoloader\Autoloader.php(312): include_once('C:\\laragon\\www\\bansos\\system\\Debug\\Exceptions.php')
 2 SYSTEMPATH\Autoloader\Autoloader.php(289): CodeIgniter\Autoloader\Autoloader->includeFile('C:\\laragon\\www\\bansos\\app\\Entities\\Bansos.php')
 3 SYSTEMPATH\Autoloader\Autoloader.php(267): CodeIgniter\Autoloader\Autoloader->loadInNamespace('App\\Entities\\Bansos')
 4 [internal function]: CodeIgniter\Autoloader\Autoloader->loadClass('App\\Entities\\Bansos')
 5 SYSTEMPATH\Database\MySQLi\Result.php(150): is_subclass_of('App\\Entities\\Bansos', 'CodeIgniter\\Entity\\Entity')
 6 SYSTEMPATH\Database\BaseResult.php(159): CodeIgniter\Database\MySQLi\Result->fetchObject('App\\Entities\\Bansos')
 7 SYSTEMPATH\Database\BaseResult.php(114): CodeIgniter\Database\BaseResult->getCustomResultObject('App\\Entities\\Bansos')
 8 SYSTEMPATH\Model.php(242): CodeIgniter\Database\BaseResult->getResult('App\\Entities\\Bansos')
 9 SYSTEMPATH\BaseModel.php(618): CodeIgniter\Model->doFindAll(0, 0)
10 APPPATH\Controllers\Surveillance\DataBansosController.php(19): CodeIgniter\BaseModel->findAll()
11 SYSTEMPATH\CodeIgniter.php(932): App\Controllers\Surveillance\DataBansosController->get_table()
12 SYSTEMPATH\CodeIgniter.php(497): CodeIgniter\CodeIgniter->runController(Object(App\Controllers\Surveillance\DataBansosController))
13 SYSTEMPATH\CodeIgniter.php(366): CodeIgniter\CodeIgniter->handleRequest(null, Object(Config\Cache), false)
14 FCPATH\index.php(67): CodeIgniter\CodeIgniter->run()
15 SYSTEMPATH\Commands\Server\rewrite.php(47): require_once('C:\\laragon\\www\\bansos\\public\\index.php')
WARNING - 2023-08-06 05:51:57 --> [DEPRECATED] Optional parameter $status declared before required parameter $kecamatan_id is implicitly treated as a required parameter in APPPATH\Entities\JenisBansos.php on line 20.
 1 SYSTEMPATH\Autoloader\Autoloader.php(312): include_once('C:\\laragon\\www\\bansos\\system\\Debug\\Exceptions.php')
 2 SYSTEMPATH\Autoloader\Autoloader.php(289): CodeIgniter\Autoloader\Autoloader->includeFile('C:\\laragon\\www\\bansos\\app\\Entities\\JenisBansos.php')
 3 SYSTEMPATH\Autoloader\Autoloader.php(267): CodeIgniter\Autoloader\Autoloader->loadInNamespace('App\\Entities\\JenisBansos')
 4 [internal function]: CodeIgniter\Autoloader\Autoloader->loadClass('App\\Entities\\JenisBansos')
 5 SYSTEMPATH\Database\MySQLi\Result.php(150): is_subclass_of('App\\Entities\\JenisBansos', 'CodeIgniter\\Entity\\Entity')
 6 SYSTEMPATH\Database\BaseResult.php(159): CodeIgniter\Database\MySQLi\Result->fetchObject('App\\Entities\\JenisBansos')
 7 SYSTEMPATH\Database\BaseResult.php(114): CodeIgniter\Database\BaseResult->getCustomResultObject('App\\Entities\\JenisBansos')
 8 SYSTEMPATH\Database\BaseResult.php(391): CodeIgniter\Database\BaseResult->getResult('App\\Entities\\JenisBansos')
 9 SYSTEMPATH\Model.php(201): CodeIgniter\Database\BaseResult->getFirstRow('App\\Entities\\JenisBansos')
10 SYSTEMPATH\BaseModel.php(557): CodeIgniter\Model->doFind(true, '5')
11 APPPATH\Entities\Bansos.php(21): CodeIgniter\BaseModel->find('5')
12 SYSTEMPATH\Entity\Entity.php(491): App\Entities\Bansos->getJenis()
13 APPPATH\Views\surveillance\bansos\table.php(22): CodeIgniter\Entity\Entity->__get('jenis')
14 SYSTEMPATH\View\View.php(224): include('C:\\laragon\\www\\bansos\\app\\Views\\surveillance\\bansos\\table.php')
15 SYSTEMPATH\View\View.php(227): CodeIgniter\View\View->CodeIgniter\View\{closure}()
16 SYSTEMPATH\Common.php(1180): CodeIgniter\View\View->render('surveillance/bansos/table', [], true)
17 APPPATH\Controllers\BaseController.php(66): view('surveillance/bansos/table', [...])
18 APPPATH\Controllers\Surveillance\DataBansosController.php(20): App\Controllers\BaseController->renderView('surveillance/bansos/table', [...])
19 SYSTEMPATH\CodeIgniter.php(932): App\Controllers\Surveillance\DataBansosController->get_table()
20 SYSTEMPATH\CodeIgniter.php(497): CodeIgniter\CodeIgniter->runController(Object(App\Controllers\Surveillance\DataBansosController))
21 SYSTEMPATH\CodeIgniter.php(366): CodeIgniter\CodeIgniter->handleRequest(null, Object(Config\Cache), false)
22 FCPATH\index.php(67): CodeIgniter\CodeIgniter->run()
23 SYSTEMPATH\Commands\Server\rewrite.php(47): require_once('C:\\laragon\\www\\bansos\\public\\index.php')
INFO - 2023-08-06 05:52:35 --> Session: Class initialized using 'CodeIgniter\Session\Handlers\FileHandler' driver.
INFO - 2023-08-06 05:52:35 --> Session: Class initialized using 'CodeIgniter\Session\Handlers\FileHandler' driver.
WARNING - 2023-08-06 05:52:35 --> [DEPRECATED] Optional parameter $status declared before required parameter $kecamatan_id is implicitly treated as a required parameter in APPPATH\Entities\Bansos.php on line 28.
 1 SYSTEMPATH\Autoloader\Autoloader.php(312): include_once('C:\\laragon\\www\\bansos\\system\\Debug\\Exceptions.php')
 2 SYSTEMPATH\Autoloader\Autoloader.php(289): CodeIgniter\Autoloader\Autoloader->includeFile('C:\\laragon\\www\\bansos\\app\\Entities\\Bansos.php')
 3 SYSTEMPATH\Autoloader\Autoloader.php(267): CodeIgniter\Autoloader\Autoloader->loadInNamespace('App\\Entities\\Bansos')
 4 [internal function]: CodeIgniter\Autoloader\Autoloader->loadClass('App\\Entities\\Bansos')
 5 SYSTEMPATH\Database\MySQLi\Result.php(150): is_subclass_of('App\\Entities\\Bansos', 'CodeIgniter\\Entity\\Entity')
 6 SYSTEMPATH\Database\BaseResult.php(159): CodeIgniter\Database\MySQLi\Result->fetchObject('App\\Entities\\Bansos')
 7 SYSTEMPATH\Database\BaseResult.php(114): CodeIgniter\Database\BaseResult->getCustomResultObject('App\\Entities\\Bansos')
 8 SYSTEMPATH\Model.php(242): CodeIgniter\Database\BaseResult->getResult('App\\Entities\\Bansos')
 9 SYSTEMPATH\BaseModel.php(618): CodeIgniter\Model->doFindAll(0, 0)
10 APPPATH\Controllers\Surveillance\DataBansosController.php(19): CodeIgniter\BaseModel->findAll()
11 SYSTEMPATH\CodeIgniter.php(932): App\Controllers\Surveillance\DataBansosController->get_table()
12 SYSTEMPATH\CodeIgniter.php(497): CodeIgniter\CodeIgniter->runController(Object(App\Controllers\Surveillance\DataBansosController))
13 SYSTEMPATH\CodeIgniter.php(366): CodeIgniter\CodeIgniter->handleRequest(null, Object(Config\Cache), false)
14 FCPATH\index.php(67): CodeIgniter\CodeIgniter->run()
15 SYSTEMPATH\Commands\Server\rewrite.php(47): require_once('C:\\laragon\\www\\bansos\\public\\index.php')
WARNING - 2023-08-06 05:52:35 --> [DEPRECATED] Optional parameter $status declared before required parameter $kecamatan_id is implicitly treated as a required parameter in APPPATH\Entities\JenisBansos.php on line 20.
 1 SYSTEMPATH\Autoloader\Autoloader.php(312): include_once('C:\\laragon\\www\\bansos\\system\\Debug\\Exceptions.php')
 2 SYSTEMPATH\Autoloader\Autoloader.php(289): CodeIgniter\Autoloader\Autoloader->includeFile('C:\\laragon\\www\\bansos\\app\\Entities\\JenisBansos.php')
 3 SYSTEMPATH\Autoloader\Autoloader.php(267): CodeIgniter\Autoloader\Autoloader->loadInNamespace('App\\Entities\\JenisBansos')
 4 [internal function]: CodeIgniter\Autoloader\Autoloader->loadClass('App\\Entities\\JenisBansos')
 5 SYSTEMPATH\Database\MySQLi\Result.php(150): is_subclass_of('App\\Entities\\JenisBansos', 'CodeIgniter\\Entity\\Entity')
 6 SYSTEMPATH\Database\BaseResult.php(159): CodeIgniter\Database\MySQLi\Result->fetchObject('App\\Entities\\JenisBansos')
 7 SYSTEMPATH\Database\BaseResult.php(114): CodeIgniter\Database\BaseResult->getCustomResultObject('App\\Entities\\JenisBansos')
 8 SYSTEMPATH\Database\BaseResult.php(391): CodeIgniter\Database\BaseResult->getResult('App\\Entities\\JenisBansos')
 9 SYSTEMPATH\Model.php(201): CodeIgniter\Database\BaseResult->getFirstRow('App\\Entities\\JenisBansos')
10 SYSTEMPATH\BaseModel.php(557): CodeIgniter\Model->doFind(true, '5')
11 APPPATH\Entities\Bansos.php(21): CodeIgniter\BaseModel->find('5')
12 SYSTEMPATH\Entity\Entity.php(491): App\Entities\Bansos->getJenis()
13 APPPATH\Views\surveillance\bansos\table.php(22): CodeIgniter\Entity\Entity->__get('jenis')
14 SYSTEMPATH\View\View.php(224): include('C:\\laragon\\www\\bansos\\app\\Views\\surveillance\\bansos\\table.php')
15 SYSTEMPATH\View\View.php(227): CodeIgniter\View\View->CodeIgniter\View\{closure}()
16 SYSTEMPATH\Common.php(1180): CodeIgniter\View\View->render('surveillance/bansos/table', [], true)
17 APPPATH\Controllers\BaseController.php(66): view('surveillance/bansos/table', [...])
18 APPPATH\Controllers\Surveillance\DataBansosController.php(20): App\Controllers\BaseController->renderView('surveillance/bansos/table', [...])
19 SYSTEMPATH\CodeIgniter.php(932): App\Controllers\Surveillance\DataBansosController->get_table()
20 SYSTEMPATH\CodeIgniter.php(497): CodeIgniter\CodeIgniter->runController(Object(App\Controllers\Surveillance\DataBansosController))
21 SYSTEMPATH\CodeIgniter.php(366): CodeIgniter\CodeIgniter->handleRequest(null, Object(Config\Cache), false)
22 FCPATH\index.php(67): CodeIgniter\CodeIgniter->run()
23 SYSTEMPATH\Commands\Server\rewrite.php(47): require_once('C:\\laragon\\www\\bansos\\public\\index.php')
INFO - 2023-08-06 06:05:31 --> Session: Class initialized using 'CodeIgniter\Session\Handlers\FileHandler' driver.
INFO - 2023-08-06 06:05:31 --> Session: Class initialized using 'CodeIgniter\Session\Handlers\FileHandler' driver.
INFO - 2023-08-06 06:07:02 --> Session: Class initialized using 'CodeIgniter\Session\Handlers\FileHandler' driver.
INFO - 2023-08-06 06:07:03 --> Session: Class initialized using 'CodeIgniter\Session\Handlers\FileHandler' driver.
WARNING - 2023-08-06 06:07:03 --> [DEPRECATED] Optional parameter $status declared before required parameter $kecamatan_id is implicitly treated as a required parameter in APPPATH\Entities\JenisBansos.php on line 20.
 1 SYSTEMPATH\Autoloader\Autoloader.php(312): include_once('C:\\laragon\\www\\bansos\\system\\Debug\\Exceptions.php')
 2 SYSTEMPATH\Autoloader\Autoloader.php(289): CodeIgniter\Autoloader\Autoloader->includeFile('C:\\laragon\\www\\bansos\\app\\Entities\\JenisBansos.php')
 3 SYSTEMPATH\Autoloader\Autoloader.php(267): CodeIgniter\Autoloader\Autoloader->loadInNamespace('App\\Entities\\JenisBansos')
 4 [internal function]: CodeIgniter\Autoloader\Autoloader->loadClass('App\\Entities\\JenisBansos')
 5 SYSTEMPATH\Database\MySQLi\Result.php(150): is_subclass_of('App\\Entities\\JenisBansos', 'CodeIgniter\\Entity\\Entity')
 6 SYSTEMPATH\Database\BaseResult.php(159): CodeIgniter\Database\MySQLi\Result->fetchObject('App\\Entities\\JenisBansos')
 7 SYSTEMPATH\Database\BaseResult.php(114): CodeIgniter\Database\BaseResult->getCustomResultObject('App\\Entities\\JenisBansos')
 8 SYSTEMPATH\Model.php(242): CodeIgniter\Database\BaseResult->getResult('App\\Entities\\JenisBansos')
 9 SYSTEMPATH\BaseModel.php(618): CodeIgniter\Model->doFindAll(0, 0)
10 APPPATH\Controllers\Admin\AdminController.php(14): CodeIgniter\BaseModel->findAll()
11 SYSTEMPATH\CodeIgniter.php(932): App\Controllers\Admin\AdminController->index()
12 SYSTEMPATH\CodeIgniter.php(497): CodeIgniter\CodeIgniter->runController(Object(App\Controllers\Admin\AdminController))
13 SYSTEMPATH\CodeIgniter.php(366): CodeIgniter\CodeIgniter->handleRequest(null, Object(Config\Cache), false)
14 FCPATH\index.php(67): CodeIgniter\CodeIgniter->run()
15 SYSTEMPATH\Commands\Server\rewrite.php(47): require_once('C:\\laragon\\www\\bansos\\public\\index.php')
INFO - 2023-08-06 06:07:13 --> Session: Class initialized using 'CodeIgniter\Session\Handlers\FileHandler' driver.
WARNING - 2023-08-06 06:07:13 --> [DEPRECATED] Optional parameter $status declared before required parameter $kecamatan_id is implicitly treated as a required parameter in APPPATH\Entities\JenisBansos.php on line 20.
 1 SYSTEMPATH\Autoloader\Autoloader.php(312): include_once('C:\\laragon\\www\\bansos\\system\\Debug\\Exceptions.php')
 2 SYSTEMPATH\Autoloader\Autoloader.php(289): CodeIgniter\Autoloader\Autoloader->includeFile('C:\\laragon\\www\\bansos\\app\\Entities\\JenisBansos.php')
 3 SYSTEMPATH\Autoloader\Autoloader.php(267): CodeIgniter\Autoloader\Autoloader->loadInNamespace('App\\Entities\\JenisBansos')
 4 [internal function]: CodeIgniter\Autoloader\Autoloader->loadClass('App\\Entities\\JenisBansos')
 5 SYSTEMPATH\Database\MySQLi\Result.php(150): is_subclass_of('App\\Entities\\JenisBansos', 'CodeIgniter\\Entity\\Entity')
 6 SYSTEMPATH\Database\BaseResult.php(159): CodeIgniter\Database\MySQLi\Result->fetchObject('App\\Entities\\JenisBansos')
 7 SYSTEMPATH\Database\BaseResult.php(114): CodeIgniter\Database\BaseResult->getCustomResultObject('App\\Entities\\JenisBansos')
 8 SYSTEMPATH\Model.php(242): CodeIgniter\Database\BaseResult->getResult('App\\Entities\\JenisBansos')
 9 SYSTEMPATH\BaseModel.php(618): CodeIgniter\Model->doFindAll(0, 0)
10 APPPATH\Controllers\Admin\AdminController.php(14): CodeIgniter\BaseModel->findAll()
11 SYSTEMPATH\CodeIgniter.php(932): App\Controllers\Admin\AdminController->index()
12 SYSTEMPATH\CodeIgniter.php(497): CodeIgniter\CodeIgniter->runController(Object(App\Controllers\Admin\AdminController))
13 SYSTEMPATH\CodeIgniter.php(366): CodeIgniter\CodeIgniter->handleRequest(null, Object(Config\Cache), false)
14 FCPATH\index.php(67): CodeIgniter\CodeIgniter->run()
15 SYSTEMPATH\Commands\Server\rewrite.php(47): require_once('C:\\laragon\\www\\bansos\\public\\index.php')
INFO - 2023-08-06 06:07:20 --> Session: Class initialized using 'CodeIgniter\Session\Handlers\FileHandler' driver.
INFO - 2023-08-06 06:07:20 --> Session: Class initialized using 'CodeIgniter\Session\Handlers\FileHandler' driver.
INFO - 2023-08-06 06:07:32 --> Session: Class initialized using 'CodeIgniter\Session\Handlers\FileHandler' driver.
WARNING - 2023-08-06 06:07:32 --> [DEPRECATED] Optional parameter $status declared before required parameter $kecamatan_id is implicitly treated as a required parameter in APPPATH\Entities\JenisBansos.php on line 20.
 1 SYSTEMPATH\Autoloader\Autoloader.php(312): include_once('C:\\laragon\\www\\bansos\\system\\Debug\\Exceptions.php')
 2 SYSTEMPATH\Autoloader\Autoloader.php(289): CodeIgniter\Autoloader\Autoloader->includeFile('C:\\laragon\\www\\bansos\\app\\Entities\\JenisBansos.php')
 3 SYSTEMPATH\Autoloader\Autoloader.php(267): CodeIgniter\Autoloader\Autoloader->loadInNamespace('App\\Entities\\JenisBansos')
 4 [internal function]: CodeIgniter\Autoloader\Autoloader->loadClass('App\\Entities\\JenisBansos')
 5 SYSTEMPATH\Database\MySQLi\Result.php(150): is_subclass_of('App\\Entities\\JenisBansos', 'CodeIgniter\\Entity\\Entity')
 6 SYSTEMPATH\Database\BaseResult.php(159): CodeIgniter\Database\MySQLi\Result->fetchObject('App\\Entities\\JenisBansos')
 7 SYSTEMPATH\Database\BaseResult.php(114): CodeIgniter\Database\BaseResult->getCustomResultObject('App\\Entities\\JenisBansos')
 8 SYSTEMPATH\Model.php(242): CodeIgniter\Database\BaseResult->getResult('App\\Entities\\JenisBansos')
 9 SYSTEMPATH\BaseModel.php(618): CodeIgniter\Model->doFindAll(0, 0)
10 APPPATH\Controllers\Admin\AdminController.php(14): CodeIgniter\BaseModel->findAll()
11 SYSTEMPATH\CodeIgniter.php(932): App\Controllers\Admin\AdminController->index()
12 SYSTEMPATH\CodeIgniter.php(497): CodeIgniter\CodeIgniter->runController(Object(App\Controllers\Admin\AdminController))
13 SYSTEMPATH\CodeIgniter.php(366): CodeIgniter\CodeIgniter->handleRequest(null, Object(Config\Cache), false)
14 FCPATH\index.php(67): CodeIgniter\CodeIgniter->run()
15 SYSTEMPATH\Commands\Server\rewrite.php(47): require_once('C:\\laragon\\www\\bansos\\public\\index.php')
INFO - 2023-08-06 06:07:33 --> Session: Class initialized using 'CodeIgniter\Session\Handlers\FileHandler' driver.
INFO - 2023-08-06 06:07:33 --> Session: Class initialized using 'CodeIgniter\Session\Handlers\FileHandler' driver.
INFO - 2023-08-06 06:07:34 --> Session: Class initialized using 'CodeIgniter\Session\Handlers\FileHandler' driver.
INFO - 2023-08-06 06:07:34 --> Session: Class initialized using 'CodeIgniter\Session\Handlers\FileHandler' driver.
WARNING - 2023-08-06 06:07:34 --> [DEPRECATED] Optional parameter $status declared before required parameter $kecamatan_id is implicitly treated as a required parameter in APPPATH\Entities\JenisBansos.php on line 20.
 1 SYSTEMPATH\Autoloader\Autoloader.php(312): include_once('C:\\laragon\\www\\bansos\\system\\Debug\\Exceptions.php')
 2 SYSTEMPATH\Autoloader\Autoloader.php(289): CodeIgniter\Autoloader\Autoloader->includeFile('C:\\laragon\\www\\bansos\\app\\Entities\\JenisBansos.php')
 3 SYSTEMPATH\Autoloader\Autoloader.php(267): CodeIgniter\Autoloader\Autoloader->loadInNamespace('App\\Entities\\JenisBansos')
 4 [internal function]: CodeIgniter\Autoloader\Autoloader->loadClass('App\\Entities\\JenisBansos')
 5 SYSTEMPATH\Database\MySQLi\Result.php(150): is_subclass_of('App\\Entities\\JenisBansos', 'CodeIgniter\\Entity\\Entity')
 6 SYSTEMPATH\Database\BaseResult.php(159): CodeIgniter\Database\MySQLi\Result->fetchObject('App\\Entities\\JenisBansos')
 7 SYSTEMPATH\Database\BaseResult.php(114): CodeIgniter\Database\BaseResult->getCustomResultObject('App\\Entities\\JenisBansos')
 8 SYSTEMPATH\Model.php(242): CodeIgniter\Database\BaseResult->getResult('App\\Entities\\JenisBansos')
 9 SYSTEMPATH\BaseModel.php(618): CodeIgniter\Model->doFindAll(0, 0)
10 APPPATH\Controllers\Admin\JenisBansosController.php(20): CodeIgniter\BaseModel->findAll()
11 SYSTEMPATH\CodeIgniter.php(932): App\Controllers\Admin\JenisBansosController->get_table()
12 SYSTEMPATH\CodeIgniter.php(497): CodeIgniter\CodeIgniter->runController(Object(App\Controllers\Admin\JenisBansosController))
13 SYSTEMPATH\CodeIgniter.php(366): CodeIgniter\CodeIgniter->handleRequest(null, Object(Config\Cache), false)
14 FCPATH\index.php(67): CodeIgniter\CodeIgniter->run()
15 SYSTEMPATH\Commands\Server\rewrite.php(47): require_once('C:\\laragon\\www\\bansos\\public\\index.php')
INFO - 2023-08-06 06:07:35 --> Session: Class initialized using 'CodeIgniter\Session\Handlers\FileHandler' driver.
INFO - 2023-08-06 06:07:35 --> Session: Class initialized using 'CodeIgniter\Session\Handlers\FileHandler' driver.
WARNING - 2023-08-06 06:07:35 --> [DEPRECATED] Optional parameter $status declared before required parameter $kecamatan_id is implicitly treated as a required parameter in APPPATH\Entities\Bansos.php on line 28.
 1 SYSTEMPATH\Autoloader\Autoloader.php(312): include_once('C:\\laragon\\www\\bansos\\system\\Debug\\Exceptions.php')
 2 SYSTEMPATH\Autoloader\Autoloader.php(289): CodeIgniter\Autoloader\Autoloader->includeFile('C:\\laragon\\www\\bansos\\app\\Entities\\Bansos.php')
 3 SYSTEMPATH\Autoloader\Autoloader.php(267): CodeIgniter\Autoloader\Autoloader->loadInNamespace('App\\Entities\\Bansos')
 4 [internal function]: CodeIgniter\Autoloader\Autoloader->loadClass('App\\Entities\\Bansos')
 5 SYSTEMPATH\Database\MySQLi\Result.php(150): is_subclass_of('App\\Entities\\Bansos', 'CodeIgniter\\Entity\\Entity')
 6 SYSTEMPATH\Database\BaseResult.php(159): CodeIgniter\Database\MySQLi\Result->fetchObject('App\\Entities\\Bansos')
 7 SYSTEMPATH\Database\BaseResult.php(114): CodeIgniter\Database\BaseResult->getCustomResultObject('App\\Entities\\Bansos')
 8 SYSTEMPATH\Model.php(242): CodeIgniter\Database\BaseResult->getResult('App\\Entities\\Bansos')
 9 SYSTEMPATH\BaseModel.php(618): CodeIgniter\Model->doFindAll(0, 0)
10 APPPATH\Controllers\Admin\DataBansosController.php(21): CodeIgniter\BaseModel->findAll()
11 SYSTEMPATH\CodeIgniter.php(932): App\Controllers\Admin\DataBansosController->get_table()
12 SYSTEMPATH\CodeIgniter.php(497): CodeIgniter\CodeIgniter->runController(Object(App\Controllers\Admin\DataBansosController))
13 SYSTEMPATH\CodeIgniter.php(366): CodeIgniter\CodeIgniter->handleRequest(null, Object(Config\Cache), false)
14 FCPATH\index.php(67): CodeIgniter\CodeIgniter->run()
15 SYSTEMPATH\Commands\Server\rewrite.php(47): require_once('C:\\laragon\\www\\bansos\\public\\index.php')
WARNING - 2023-08-06 06:07:35 --> [DEPRECATED] Optional parameter $status declared before required parameter $kecamatan_id is implicitly treated as a required parameter in APPPATH\Entities\JenisBansos.php on line 20.
 1 SYSTEMPATH\Autoloader\Autoloader.php(312): include_once('C:\\laragon\\www\\bansos\\system\\Debug\\Exceptions.php')
 2 SYSTEMPATH\Autoloader\Autoloader.php(289): CodeIgniter\Autoloader\Autoloader->includeFile('C:\\laragon\\www\\bansos\\app\\Entities\\JenisBansos.php')
 3 SYSTEMPATH\Autoloader\Autoloader.php(267): CodeIgniter\Autoloader\Autoloader->loadInNamespace('App\\Entities\\JenisBansos')
 4 [internal function]: CodeIgniter\Autoloader\Autoloader->loadClass('App\\Entities\\JenisBansos')
 5 SYSTEMPATH\Database\MySQLi\Result.php(150): is_subclass_of('App\\Entities\\JenisBansos', 'CodeIgniter\\Entity\\Entity')
 6 SYSTEMPATH\Database\BaseResult.php(159): CodeIgniter\Database\MySQLi\Result->fetchObject('App\\Entities\\JenisBansos')
 7 SYSTEMPATH\Database\BaseResult.php(114): CodeIgniter\Database\BaseResult->getCustomResultObject('App\\Entities\\JenisBansos')
 8 SYSTEMPATH\Database\BaseResult.php(391): CodeIgniter\Database\BaseResult->getResult('App\\Entities\\JenisBansos')
 9 SYSTEMPATH\Model.php(201): CodeIgniter\Database\BaseResult->getFirstRow('App\\Entities\\JenisBansos')
10 SYSTEMPATH\BaseModel.php(557): CodeIgniter\Model->doFind(true, '5')
11 APPPATH\Entities\Bansos.php(21): CodeIgniter\BaseModel->find('5')
12 SYSTEMPATH\Entity\Entity.php(491): App\Entities\Bansos->getJenis()
13 APPPATH\Views\admin\bansos\table.php(22): CodeIgniter\Entity\Entity->__get('jenis')
14 SYSTEMPATH\View\View.php(224): include('C:\\laragon\\www\\bansos\\app\\Views\\admin\\bansos\\table.php')
15 SYSTEMPATH\View\View.php(227): CodeIgniter\View\View->CodeIgniter\View\{closure}()
16 SYSTEMPATH\Common.php(1180): CodeIgniter\View\View->render('admin/bansos/table', [], true)
17 APPPATH\Controllers\BaseController.php(66): view('admin/bansos/table', [...])
18 APPPATH\Controllers\Admin\DataBansosController.php(22): App\Controllers\BaseController->renderView('admin/bansos/table', [...])
19 SYSTEMPATH\CodeIgniter.php(932): App\Controllers\Admin\DataBansosController->get_table()
20 SYSTEMPATH\CodeIgniter.php(497): CodeIgniter\CodeIgniter->runController(Object(App\Controllers\Admin\DataBansosController))
21 SYSTEMPATH\CodeIgniter.php(366): CodeIgniter\CodeIgniter->handleRequest(null, Object(Config\Cache), false)
22 FCPATH\index.php(67): CodeIgniter\CodeIgniter->run()
23 SYSTEMPATH\Commands\Server\rewrite.php(47): require_once('C:\\laragon\\www\\bansos\\public\\index.php')
INFO - 2023-08-06 06:07:35 --> Session: Class initialized using 'CodeIgniter\Session\Handlers\FileHandler' driver.
INFO - 2023-08-06 06:07:36 --> Session: Class initialized using 'CodeIgniter\Session\Handlers\FileHandler' driver.
INFO - 2023-08-06 06:07:50 --> Session: Class initialized using 'CodeIgniter\Session\Handlers\FileHandler' driver.
INFO - 2023-08-06 06:07:51 --> Session: Class initialized using 'CodeIgniter\Session\Handlers\FileHandler' driver.
INFO - 2023-08-06 06:08:29 --> Session: Class initialized using 'CodeIgniter\Session\Handlers\FileHandler' driver.
INFO - 2023-08-06 06:08:30 --> Session: Class initialized using 'CodeIgniter\Session\Handlers\FileHandler' driver.
INFO - 2023-08-06 06:10:33 --> Session: Class initialized using 'CodeIgniter\Session\Handlers\FileHandler' driver.
INFO - 2023-08-06 06:10:33 --> Session: Class initialized using 'CodeIgniter\Session\Handlers\FileHandler' driver.
INFO - 2023-08-06 06:20:25 --> Session: Class initialized using 'CodeIgniter\Session\Handlers\FileHandler' driver.
INFO - 2023-08-06 06:20:25 --> Session: Class initialized using 'CodeIgniter\Session\Handlers\FileHandler' driver.
INFO - 2023-08-06 06:22:15 --> Session: Class initialized using 'CodeIgniter\Session\Handlers\FileHandler' driver.
INFO - 2023-08-06 06:22:15 --> Session: Class initialized using 'CodeIgniter\Session\Handlers\FileHandler' driver.
INFO - 2023-08-06 06:26:14 --> Session: Class initialized using 'CodeIgniter\Session\Handlers\FileHandler' driver.
WARNING - 2023-08-06 06:26:14 --> [DEPRECATED] Optional parameter $status declared before required parameter $kecamatan_id is implicitly treated as a required parameter in APPPATH\Entities\JenisBansos.php on line 20.
 1 SYSTEMPATH\Autoloader\Autoloader.php(312): include_once('C:\\laragon\\www\\bansos\\system\\Debug\\Exceptions.php')
 2 SYSTEMPATH\Autoloader\Autoloader.php(289): CodeIgniter\Autoloader\Autoloader->includeFile('C:\\laragon\\www\\bansos\\app\\Entities\\JenisBansos.php')
 3 SYSTEMPATH\Autoloader\Autoloader.php(267): CodeIgniter\Autoloader\Autoloader->loadInNamespace('App\\Entities\\JenisBansos')
 4 [internal function]: CodeIgniter\Autoloader\Autoloader->loadClass('App\\Entities\\JenisBansos')
 5 SYSTEMPATH\Database\MySQLi\Result.php(150): is_subclass_of('App\\Entities\\JenisBansos', 'CodeIgniter\\Entity\\Entity')
 6 SYSTEMPATH\Database\BaseResult.php(159): CodeIgniter\Database\MySQLi\Result->fetchObject('App\\Entities\\JenisBansos')
 7 SYSTEMPATH\Database\BaseResult.php(114): CodeIgniter\Database\BaseResult->getCustomResultObject('App\\Entities\\JenisBansos')
 8 SYSTEMPATH\Model.php(242): CodeIgniter\Database\BaseResult->getResult('App\\Entities\\JenisBansos')
 9 SYSTEMPATH\BaseModel.php(618): CodeIgniter\Model->doFindAll(0, 0)
10 APPPATH\Controllers\Admin\AdminController.php(14): CodeIgniter\BaseModel->findAll()
11 SYSTEMPATH\CodeIgniter.php(932): App\Controllers\Admin\AdminController->index()
12 SYSTEMPATH\CodeIgniter.php(497): CodeIgniter\CodeIgniter->runController(Object(App\Controllers\Admin\AdminController))
13 SYSTEMPATH\CodeIgniter.php(366): CodeIgniter\CodeIgniter->handleRequest(null, Object(Config\Cache), false)
14 FCPATH\index.php(67): CodeIgniter\CodeIgniter->run()
15 SYSTEMPATH\Commands\Server\rewrite.php(47): require_once('C:\\laragon\\www\\bansos\\public\\index.php')
INFO - 2023-08-06 06:26:15 --> Session: Class initialized using 'CodeIgniter\Session\Handlers\FileHandler' driver.
INFO - 2023-08-06 06:26:15 --> Session: Class initialized using 'CodeIgniter\Session\Handlers\FileHandler' driver.
INFO - 2023-08-06 06:29:37 --> Session: Class initialized using 'CodeIgniter\Session\Handlers\FileHandler' driver.
INFO - 2023-08-06 06:29:38 --> Session: Class initialized using 'CodeIgniter\Session\Handlers\FileHandler' driver.
INFO - 2023-08-06 06:30:28 --> Session: Class initialized using 'CodeIgniter\Session\Handlers\FileHandler' driver.
INFO - 2023-08-06 06:30:30 --> Session: Class initialized using 'CodeIgniter\Session\Handlers\FileHandler' driver.
WARNING - 2023-08-06 06:30:30 --> [DEPRECATED] Optional parameter $status declared before required parameter $kecamatan_id is implicitly treated as a required parameter in APPPATH\Entities\JenisBansos.php on line 20.
 1 SYSTEMPATH\Autoloader\Autoloader.php(312): include_once('C:\\laragon\\www\\bansos\\system\\Debug\\Exceptions.php')
 2 SYSTEMPATH\Autoloader\Autoloader.php(289): CodeIgniter\Autoloader\Autoloader->includeFile('C:\\laragon\\www\\bansos\\app\\Entities\\JenisBansos.php')
 3 SYSTEMPATH\Autoloader\Autoloader.php(267): CodeIgniter\Autoloader\Autoloader->loadInNamespace('App\\Entities\\JenisBansos')
 4 [internal function]: CodeIgniter\Autoloader\Autoloader->loadClass('App\\Entities\\JenisBansos')
 5 SYSTEMPATH\Database\MySQLi\Result.php(150): is_subclass_of('App\\Entities\\JenisBansos', 'CodeIgniter\\Entity\\Entity')
 6 SYSTEMPATH\Database\BaseResult.php(159): CodeIgniter\Database\MySQLi\Result->fetchObject('App\\Entities\\JenisBansos')
 7 SYSTEMPATH\Database\BaseResult.php(114): CodeIgniter\Database\BaseResult->getCustomResultObject('App\\Entities\\JenisBansos')
 8 SYSTEMPATH\Model.php(242): CodeIgniter\Database\BaseResult->getResult('App\\Entities\\JenisBansos')
 9 SYSTEMPATH\BaseModel.php(618): CodeIgniter\Model->doFindAll(0, 0)
10 APPPATH\Controllers\Admin\AdminController.php(14): CodeIgniter\BaseModel->findAll()
11 SYSTEMPATH\CodeIgniter.php(932): App\Controllers\Admin\AdminController->index()
12 SYSTEMPATH\CodeIgniter.php(497): CodeIgniter\CodeIgniter->runController(Object(App\Controllers\Admin\AdminController))
13 SYSTEMPATH\CodeIgniter.php(366): CodeIgniter\CodeIgniter->handleRequest(null, Object(Config\Cache), false)
14 FCPATH\index.php(67): CodeIgniter\CodeIgniter->run()
15 SYSTEMPATH\Commands\Server\rewrite.php(47): require_once('C:\\laragon\\www\\bansos\\public\\index.php')
INFO - 2023-08-06 06:30:31 --> Session: Class initialized using 'CodeIgniter\Session\Handlers\FileHandler' driver.
INFO - 2023-08-06 06:30:31 --> Session: Class initialized using 'CodeIgniter\Session\Handlers\FileHandler' driver.
INFO - 2023-08-06 06:30:33 --> Session: Class initialized using 'CodeIgniter\Session\Handlers\FileHandler' driver.
INFO - 2023-08-06 06:30:35 --> Session: Class initialized using 'CodeIgniter\Session\Handlers\FileHandler' driver.
INFO - 2023-08-06 06:30:35 --> Session: Class initialized using 'CodeIgniter\Session\Handlers\FileHandler' driver.
INFO - 2023-08-06 06:30:36 --> Session: Class initialized using 'CodeIgniter\Session\Handlers\FileHandler' driver.
INFO - 2023-08-06 06:30:37 --> Session: Class initialized using 'CodeIgniter\Session\Handlers\FileHandler' driver.
INFO - 2023-08-06 06:30:38 --> Session: Class initialized using 'CodeIgniter\Session\Handlers\FileHandler' driver.
INFO - 2023-08-06 06:32:28 --> Session: Class initialized using 'CodeIgniter\Session\Handlers\FileHandler' driver.
INFO - 2023-08-06 06:32:28 --> Session: Class initialized using 'CodeIgniter\Session\Handlers\FileHandler' driver.
INFO - 2023-08-06 06:33:50 --> Session: Class initialized using 'CodeIgniter\Session\Handlers\FileHandler' driver.
INFO - 2023-08-06 06:33:51 --> Session: Class initialized using 'CodeIgniter\Session\Handlers\FileHandler' driver.
INFO - 2023-08-06 06:33:52 --> Session: Class initialized using 'CodeIgniter\Session\Handlers\FileHandler' driver.
INFO - 2023-08-06 06:33:52 --> Session: Class initialized using 'CodeIgniter\Session\Handlers\FileHandler' driver.
INFO - 2023-08-06 06:34:00 --> Session: Class initialized using 'CodeIgniter\Session\Handlers\FileHandler' driver.
INFO - 2023-08-06 06:34:00 --> Session: Class initialized using 'CodeIgniter\Session\Handlers\FileHandler' driver.
WARNING - 2023-08-06 06:34:00 --> [DEPRECATED] Optional parameter $status declared before required parameter $kecamatan_id is implicitly treated as a required parameter in APPPATH\Entities\JenisBansos.php on line 20.
 1 SYSTEMPATH\Autoloader\Autoloader.php(312): include_once('C:\\laragon\\www\\bansos\\system\\Debug\\Exceptions.php')
 2 SYSTEMPATH\Autoloader\Autoloader.php(289): CodeIgniter\Autoloader\Autoloader->includeFile('C:\\laragon\\www\\bansos\\app\\Entities\\JenisBansos.php')
 3 SYSTEMPATH\Autoloader\Autoloader.php(267): CodeIgniter\Autoloader\Autoloader->loadInNamespace('App\\Entities\\JenisBansos')
 4 [internal function]: CodeIgniter\Autoloader\Autoloader->loadClass('App\\Entities\\JenisBansos')
 5 SYSTEMPATH\Database\MySQLi\Result.php(150): is_subclass_of('App\\Entities\\JenisBansos', 'CodeIgniter\\Entity\\Entity')
 6 SYSTEMPATH\Database\BaseResult.php(159): CodeIgniter\Database\MySQLi\Result->fetchObject('App\\Entities\\JenisBansos')
 7 SYSTEMPATH\Database\BaseResult.php(114): CodeIgniter\Database\BaseResult->getCustomResultObject('App\\Entities\\JenisBansos')
 8 SYSTEMPATH\Model.php(242): CodeIgniter\Database\BaseResult->getResult('App\\Entities\\JenisBansos')
 9 SYSTEMPATH\BaseModel.php(618): CodeIgniter\Model->doFindAll(0, 0)
10 APPPATH\Controllers\Admin\JenisBansosController.php(20): CodeIgniter\BaseModel->findAll()
11 SYSTEMPATH\CodeIgniter.php(932): App\Controllers\Admin\JenisBansosController->get_table()
12 SYSTEMPATH\CodeIgniter.php(497): CodeIgniter\CodeIgniter->runController(Object(App\Controllers\Admin\JenisBansosController))
13 SYSTEMPATH\CodeIgniter.php(366): CodeIgniter\CodeIgniter->handleRequest(null, Object(Config\Cache), false)
14 FCPATH\index.php(67): CodeIgniter\CodeIgniter->run()
15 SYSTEMPATH\Commands\Server\rewrite.php(47): require_once('C:\\laragon\\www\\bansos\\public\\index.php')
INFO - 2023-08-06 06:34:47 --> Session: Class initialized using 'CodeIgniter\Session\Handlers\FileHandler' driver.
INFO - 2023-08-06 06:34:47 --> Session: Class initialized using 'CodeIgniter\Session\Handlers\FileHandler' driver.
WARNING - 2023-08-06 06:34:47 --> [DEPRECATED] Optional parameter $status declared before required parameter $kecamatan_id is implicitly treated as a required parameter in APPPATH\Entities\JenisBansos.php on line 20.
 1 SYSTEMPATH\Autoloader\Autoloader.php(312): include_once('C:\\laragon\\www\\bansos\\system\\Debug\\Exceptions.php')
 2 SYSTEMPATH\Autoloader\Autoloader.php(289): CodeIgniter\Autoloader\Autoloader->includeFile('C:\\laragon\\www\\bansos\\app\\Entities\\JenisBansos.php')
 3 SYSTEMPATH\Autoloader\Autoloader.php(267): CodeIgniter\Autoloader\Autoloader->loadInNamespace('App\\Entities\\JenisBansos')
 4 [internal function]: CodeIgniter\Autoloader\Autoloader->loadClass('App\\Entities\\JenisBansos')
 5 SYSTEMPATH\Database\MySQLi\Result.php(150): is_subclass_of('App\\Entities\\JenisBansos', 'CodeIgniter\\Entity\\Entity')
 6 SYSTEMPATH\Database\BaseResult.php(159): CodeIgniter\Database\MySQLi\Result->fetchObject('App\\Entities\\JenisBansos')
 7 SYSTEMPATH\Database\BaseResult.php(114): CodeIgniter\Database\BaseResult->getCustomResultObject('App\\Entities\\JenisBansos')
 8 SYSTEMPATH\Model.php(242): CodeIgniter\Database\BaseResult->getResult('App\\Entities\\JenisBansos')
 9 SYSTEMPATH\BaseModel.php(618): CodeIgniter\Model->doFindAll(0, 0)
10 APPPATH\Controllers\Admin\JenisBansosController.php(20): CodeIgniter\BaseModel->findAll()
11 SYSTEMPATH\CodeIgniter.php(932): App\Controllers\Admin\JenisBansosController->get_table()
12 SYSTEMPATH\CodeIgniter.php(497): CodeIgniter\CodeIgniter->runController(Object(App\Controllers\Admin\JenisBansosController))
13 SYSTEMPATH\CodeIgniter.php(366): CodeIgniter\CodeIgniter->handleRequest(null, Object(Config\Cache), false)
14 FCPATH\index.php(67): CodeIgniter\CodeIgniter->run()
15 SYSTEMPATH\Commands\Server\rewrite.php(47): require_once('C:\\laragon\\www\\bansos\\public\\index.php')
INFO - 2023-08-06 06:35:33 --> Session: Class initialized using 'CodeIgniter\Session\Handlers\FileHandler' driver.
INFO - 2023-08-06 06:35:34 --> Session: Class initialized using 'CodeIgniter\Session\Handlers\FileHandler' driver.
INFO - 2023-08-06 06:35:35 --> Session: Class initialized using 'CodeIgniter\Session\Handlers\FileHandler' driver.
WARNING - 2023-08-06 06:35:35 --> [DEPRECATED] Optional parameter $status declared before required parameter $kecamatan_id is implicitly treated as a required parameter in APPPATH\Entities\JenisBansos.php on line 20.
 1 SYSTEMPATH\Autoloader\Autoloader.php(312): include_once('C:\\laragon\\www\\bansos\\system\\Debug\\Exceptions.php')
 2 SYSTEMPATH\Autoloader\Autoloader.php(289): CodeIgniter\Autoloader\Autoloader->includeFile('C:\\laragon\\www\\bansos\\app\\Entities\\JenisBansos.php')
 3 SYSTEMPATH\Autoloader\Autoloader.php(267): CodeIgniter\Autoloader\Autoloader->loadInNamespace('App\\Entities\\JenisBansos')
 4 [internal function]: CodeIgniter\Autoloader\Autoloader->loadClass('App\\Entities\\JenisBansos')
 5 SYSTEMPATH\Database\MySQLi\Result.php(150): is_subclass_of('App\\Entities\\JenisBansos', 'CodeIgniter\\Entity\\Entity')
 6 SYSTEMPATH\Database\BaseResult.php(159): CodeIgniter\Database\MySQLi\Result->fetchObject('App\\Entities\\JenisBansos')
 7 SYSTEMPATH\Database\BaseResult.php(114): CodeIgniter\Database\BaseResult->getCustomResultObject('App\\Entities\\JenisBansos')
 8 SYSTEMPATH\Model.php(242): CodeIgniter\Database\BaseResult->getResult('App\\Entities\\JenisBansos')
 9 SYSTEMPATH\BaseModel.php(618): CodeIgniter\Model->doFindAll(0, 0)
10 APPPATH\Controllers\Admin\JenisBansosController.php(20): CodeIgniter\BaseModel->findAll()
11 SYSTEMPATH\CodeIgniter.php(932): App\Controllers\Admin\JenisBansosController->get_table()
12 SYSTEMPATH\CodeIgniter.php(497): CodeIgniter\CodeIgniter->runController(Object(App\Controllers\Admin\JenisBansosController))
13 SYSTEMPATH\CodeIgniter.php(366): CodeIgniter\CodeIgniter->handleRequest(null, Object(Config\Cache), false)
14 FCPATH\index.php(67): CodeIgniter\CodeIgniter->run()
15 SYSTEMPATH\Commands\Server\rewrite.php(47): require_once('C:\\laragon\\www\\bansos\\public\\index.php')
INFO - 2023-08-06 06:46:07 --> Session: Class initialized using 'CodeIgniter\Session\Handlers\FileHandler' driver.
INFO - 2023-08-06 06:46:08 --> Session: Class initialized using 'CodeIgniter\Session\Handlers\FileHandler' driver.
WARNING - 2023-08-06 06:46:08 --> [DEPRECATED] Optional parameter $status declared before required parameter $kecamatan_id is implicitly treated as a required parameter in APPPATH\Entities\Bansos.php on line 28.
 1 SYSTEMPATH\Autoloader\Autoloader.php(312): include_once('C:\\laragon\\www\\bansos\\system\\Debug\\Exceptions.php')
 2 SYSTEMPATH\Autoloader\Autoloader.php(289): CodeIgniter\Autoloader\Autoloader->includeFile('C:\\laragon\\www\\bansos\\app\\Entities\\Bansos.php')
 3 SYSTEMPATH\Autoloader\Autoloader.php(267): CodeIgniter\Autoloader\Autoloader->loadInNamespace('App\\Entities\\Bansos')
 4 [internal function]: CodeIgniter\Autoloader\Autoloader->loadClass('App\\Entities\\Bansos')
 5 SYSTEMPATH\Database\MySQLi\Result.php(150): is_subclass_of('App\\Entities\\Bansos', 'CodeIgniter\\Entity\\Entity')
 6 SYSTEMPATH\Database\BaseResult.php(159): CodeIgniter\Database\MySQLi\Result->fetchObject('App\\Entities\\Bansos')
 7 SYSTEMPATH\Database\BaseResult.php(114): CodeIgniter\Database\BaseResult->getCustomResultObject('App\\Entities\\Bansos')
 8 SYSTEMPATH\Model.php(242): CodeIgniter\Database\BaseResult->getResult('App\\Entities\\Bansos')
 9 SYSTEMPATH\BaseModel.php(618): CodeIgniter\Model->doFindAll(0, 0)
10 APPPATH\Controllers\Admin\DataBansosController.php(21): CodeIgniter\BaseModel->findAll()
11 SYSTEMPATH\CodeIgniter.php(932): App\Controllers\Admin\DataBansosController->get_table()
12 SYSTEMPATH\CodeIgniter.php(497): CodeIgniter\CodeIgniter->runController(Object(App\Controllers\Admin\DataBansosController))
13 SYSTEMPATH\CodeIgniter.php(366): CodeIgniter\CodeIgniter->handleRequest(null, Object(Config\Cache), false)
14 FCPATH\index.php(67): CodeIgniter\CodeIgniter->run()
15 SYSTEMPATH\Commands\Server\rewrite.php(47): require_once('C:\\laragon\\www\\bansos\\public\\index.php')
WARNING - 2023-08-06 06:46:08 --> [DEPRECATED] Optional parameter $status declared before required parameter $kecamatan_id is implicitly treated as a required parameter in APPPATH\Entities\JenisBansos.php on line 20.
 1 SYSTEMPATH\Autoloader\Autoloader.php(312): include_once('C:\\laragon\\www\\bansos\\system\\Debug\\Exceptions.php')
 2 SYSTEMPATH\Autoloader\Autoloader.php(289): CodeIgniter\Autoloader\Autoloader->includeFile('C:\\laragon\\www\\bansos\\app\\Entities\\JenisBansos.php')
 3 SYSTEMPATH\Autoloader\Autoloader.php(267): CodeIgniter\Autoloader\Autoloader->loadInNamespace('App\\Entities\\JenisBansos')
 4 [internal function]: CodeIgniter\Autoloader\Autoloader->loadClass('App\\Entities\\JenisBansos')
 5 SYSTEMPATH\Database\MySQLi\Result.php(150): is_subclass_of('App\\Entities\\JenisBansos', 'CodeIgniter\\Entity\\Entity')
 6 SYSTEMPATH\Database\BaseResult.php(159): CodeIgniter\Database\MySQLi\Result->fetchObject('App\\Entities\\JenisBansos')
 7 SYSTEMPATH\Database\BaseResult.php(114): CodeIgniter\Database\BaseResult->getCustomResultObject('App\\Entities\\JenisBansos')
 8 SYSTEMPATH\Database\BaseResult.php(391): CodeIgniter\Database\BaseResult->getResult('App\\Entities\\JenisBansos')
 9 SYSTEMPATH\Model.php(201): CodeIgniter\Database\BaseResult->getFirstRow('App\\Entities\\JenisBansos')
10 SYSTEMPATH\BaseModel.php(557): CodeIgniter\Model->doFind(true, '5')
11 APPPATH\Entities\Bansos.php(21): CodeIgniter\BaseModel->find('5')
12 SYSTEMPATH\Entity\Entity.php(491): App\Entities\Bansos->getJenis()
13 APPPATH\Views\admin\bansos\table.php(22): CodeIgniter\Entity\Entity->__get('jenis')
14 SYSTEMPATH\View\View.php(224): include('C:\\laragon\\www\\bansos\\app\\Views\\admin\\bansos\\table.php')
15 SYSTEMPATH\View\View.php(227): CodeIgniter\View\View->CodeIgniter\View\{closure}()
16 SYSTEMPATH\Common.php(1180): CodeIgniter\View\View->render('admin/bansos/table', [], true)
17 APPPATH\Controllers\BaseController.php(66): view('admin/bansos/table', [...])
18 APPPATH\Controllers\Admin\DataBansosController.php(22): App\Controllers\BaseController->renderView('admin/bansos/table', [...])
19 SYSTEMPATH\CodeIgniter.php(932): App\Controllers\Admin\DataBansosController->get_table()
20 SYSTEMPATH\CodeIgniter.php(497): CodeIgniter\CodeIgniter->runController(Object(App\Controllers\Admin\DataBansosController))
21 SYSTEMPATH\CodeIgniter.php(366): CodeIgniter\CodeIgniter->handleRequest(null, Object(Config\Cache), false)
22 FCPATH\index.php(67): CodeIgniter\CodeIgniter->run()
23 SYSTEMPATH\Commands\Server\rewrite.php(47): require_once('C:\\laragon\\www\\bansos\\public\\index.php')
INFO - 2023-08-06 06:46:09 --> Session: Class initialized using 'CodeIgniter\Session\Handlers\FileHandler' driver.
INFO - 2023-08-06 06:46:10 --> Session: Class initialized using 'CodeIgniter\Session\Handlers\FileHandler' driver.
WARNING - 2023-08-06 06:46:10 --> [DEPRECATED] Optional parameter $status declared before required parameter $kecamatan_id is implicitly treated as a required parameter in APPPATH\Entities\JenisBansos.php on line 20.
 1 SYSTEMPATH\Autoloader\Autoloader.php(312): include_once('C:\\laragon\\www\\bansos\\system\\Debug\\Exceptions.php')
 2 SYSTEMPATH\Autoloader\Autoloader.php(289): CodeIgniter\Autoloader\Autoloader->includeFile('C:\\laragon\\www\\bansos\\app\\Entities\\JenisBansos.php')
 3 SYSTEMPATH\Autoloader\Autoloader.php(267): CodeIgniter\Autoloader\Autoloader->loadInNamespace('App\\Entities\\JenisBansos')
 4 [internal function]: CodeIgniter\Autoloader\Autoloader->loadClass('App\\Entities\\JenisBansos')
 5 SYSTEMPATH\Database\MySQLi\Result.php(150): is_subclass_of('App\\Entities\\JenisBansos', 'CodeIgniter\\Entity\\Entity')
 6 SYSTEMPATH\Database\BaseResult.php(159): CodeIgniter\Database\MySQLi\Result->fetchObject('App\\Entities\\JenisBansos')
 7 SYSTEMPATH\Database\BaseResult.php(114): CodeIgniter\Database\BaseResult->getCustomResultObject('App\\Entities\\JenisBansos')
 8 SYSTEMPATH\Model.php(242): CodeIgniter\Database\BaseResult->getResult('App\\Entities\\JenisBansos')
 9 SYSTEMPATH\BaseModel.php(618): CodeIgniter\Model->doFindAll(0, 0)
10 APPPATH\Controllers\Admin\JenisBansosController.php(20): CodeIgniter\BaseModel->findAll()
11 SYSTEMPATH\CodeIgniter.php(932): App\Controllers\Admin\JenisBansosController->get_table()
12 SYSTEMPATH\CodeIgniter.php(497): CodeIgniter\CodeIgniter->runController(Object(App\Controllers\Admin\JenisBansosController))
13 SYSTEMPATH\CodeIgniter.php(366): CodeIgniter\CodeIgniter->handleRequest(null, Object(Config\Cache), false)
14 FCPATH\index.php(67): CodeIgniter\CodeIgniter->run()
15 SYSTEMPATH\Commands\Server\rewrite.php(47): require_once('C:\\laragon\\www\\bansos\\public\\index.php')
INFO - 2023-08-06 06:46:13 --> Session: Class initialized using 'CodeIgniter\Session\Handlers\FileHandler' driver.
INFO - 2023-08-06 06:46:13 --> Session: Class initialized using 'CodeIgniter\Session\Handlers\FileHandler' driver.
WARNING - 2023-08-06 06:46:13 --> [DEPRECATED] Optional parameter $status declared before required parameter $kecamatan_id is implicitly treated as a required parameter in APPPATH\Entities\Bansos.php on line 28.
 1 SYSTEMPATH\Autoloader\Autoloader.php(312): include_once('C:\\laragon\\www\\bansos\\system\\Debug\\Exceptions.php')
 2 SYSTEMPATH\Autoloader\Autoloader.php(289): CodeIgniter\Autoloader\Autoloader->includeFile('C:\\laragon\\www\\bansos\\app\\Entities\\Bansos.php')
 3 SYSTEMPATH\Autoloader\Autoloader.php(267): CodeIgniter\Autoloader\Autoloader->loadInNamespace('App\\Entities\\Bansos')
 4 [internal function]: CodeIgniter\Autoloader\Autoloader->loadClass('App\\Entities\\Bansos')
 5 SYSTEMPATH\Database\MySQLi\Result.php(150): is_subclass_of('App\\Entities\\Bansos', 'CodeIgniter\\Entity\\Entity')
 6 SYSTEMPATH\Database\BaseResult.php(159): CodeIgniter\Database\MySQLi\Result->fetchObject('App\\Entities\\Bansos')
 7 SYSTEMPATH\Database\BaseResult.php(114): CodeIgniter\Database\BaseResult->getCustomResultObject('App\\Entities\\Bansos')
 8 SYSTEMPATH\Model.php(242): CodeIgniter\Database\BaseResult->getResult('App\\Entities\\Bansos')
 9 SYSTEMPATH\BaseModel.php(618): CodeIgniter\Model->doFindAll(0, 0)
10 APPPATH\Controllers\Admin\DataBansosController.php(21): CodeIgniter\BaseModel->findAll()
11 SYSTEMPATH\CodeIgniter.php(932): App\Controllers\Admin\DataBansosController->get_table()
12 SYSTEMPATH\CodeIgniter.php(497): CodeIgniter\CodeIgniter->runController(Object(App\Controllers\Admin\DataBansosController))
13 SYSTEMPATH\CodeIgniter.php(366): CodeIgniter\CodeIgniter->handleRequest(null, Object(Config\Cache), false)
14 FCPATH\index.php(67): CodeIgniter\CodeIgniter->run()
15 SYSTEMPATH\Commands\Server\rewrite.php(47): require_once('C:\\laragon\\www\\bansos\\public\\index.php')
WARNING - 2023-08-06 06:46:13 --> [DEPRECATED] Optional parameter $status declared before required parameter $kecamatan_id is implicitly treated as a required parameter in APPPATH\Entities\JenisBansos.php on line 20.
 1 SYSTEMPATH\Autoloader\Autoloader.php(312): include_once('C:\\laragon\\www\\bansos\\system\\Debug\\Exceptions.php')
 2 SYSTEMPATH\Autoloader\Autoloader.php(289): CodeIgniter\Autoloader\Autoloader->includeFile('C:\\laragon\\www\\bansos\\app\\Entities\\JenisBansos.php')
 3 SYSTEMPATH\Autoloader\Autoloader.php(267): CodeIgniter\Autoloader\Autoloader->loadInNamespace('App\\Entities\\JenisBansos')
 4 [internal function]: CodeIgniter\Autoloader\Autoloader->loadClass('App\\Entities\\JenisBansos')
 5 SYSTEMPATH\Database\MySQLi\Result.php(150): is_subclass_of('App\\Entities\\JenisBansos', 'CodeIgniter\\Entity\\Entity')
 6 SYSTEMPATH\Database\BaseResult.php(159): CodeIgniter\Database\MySQLi\Result->fetchObject('App\\Entities\\JenisBansos')
 7 SYSTEMPATH\Database\BaseResult.php(114): CodeIgniter\Database\BaseResult->getCustomResultObject('App\\Entities\\JenisBansos')
 8 SYSTEMPATH\Database\BaseResult.php(391): CodeIgniter\Database\BaseResult->getResult('App\\Entities\\JenisBansos')
 9 SYSTEMPATH\Model.php(201): CodeIgniter\Database\BaseResult->getFirstRow('App\\Entities\\JenisBansos')
10 SYSTEMPATH\BaseModel.php(557): CodeIgniter\Model->doFind(true, '5')
11 APPPATH\Entities\Bansos.php(21): CodeIgniter\BaseModel->find('5')
12 SYSTEMPATH\Entity\Entity.php(491): App\Entities\Bansos->getJenis()
13 APPPATH\Views\admin\bansos\table.php(22): CodeIgniter\Entity\Entity->__get('jenis')
14 SYSTEMPATH\View\View.php(224): include('C:\\laragon\\www\\bansos\\app\\Views\\admin\\bansos\\table.php')
15 SYSTEMPATH\View\View.php(227): CodeIgniter\View\View->CodeIgniter\View\{closure}()
16 SYSTEMPATH\Common.php(1180): CodeIgniter\View\View->render('admin/bansos/table', [], true)
17 APPPATH\Controllers\BaseController.php(66): view('admin/bansos/table', [...])
18 APPPATH\Controllers\Admin\DataBansosController.php(22): App\Controllers\BaseController->renderView('admin/bansos/table', [...])
19 SYSTEMPATH\CodeIgniter.php(932): App\Controllers\Admin\DataBansosController->get_table()
20 SYSTEMPATH\CodeIgniter.php(497): CodeIgniter\CodeIgniter->runController(Object(App\Controllers\Admin\DataBansosController))
21 SYSTEMPATH\CodeIgniter.php(366): CodeIgniter\CodeIgniter->handleRequest(null, Object(Config\Cache), false)
22 FCPATH\index.php(67): CodeIgniter\CodeIgniter->run()
23 SYSTEMPATH\Commands\Server\rewrite.php(47): require_once('C:\\laragon\\www\\bansos\\public\\index.php')
INFO - 2023-08-06 06:46:41 --> Session: Class initialized using 'CodeIgniter\Session\Handlers\FileHandler' driver.
INFO - 2023-08-06 06:46:41 --> Session: Class initialized using 'CodeIgniter\Session\Handlers\FileHandler' driver.
WARNING - 2023-08-06 06:46:41 --> [DEPRECATED] Optional parameter $status declared before required parameter $kecamatan_id is implicitly treated as a required parameter in APPPATH\Entities\Bansos.php on line 28.
 1 SYSTEMPATH\Autoloader\Autoloader.php(312): include_once('C:\\laragon\\www\\bansos\\system\\Debug\\Exceptions.php')
 2 SYSTEMPATH\Autoloader\Autoloader.php(289): CodeIgniter\Autoloader\Autoloader->includeFile('C:\\laragon\\www\\bansos\\app\\Entities\\Bansos.php')
 3 SYSTEMPATH\Autoloader\Autoloader.php(267): CodeIgniter\Autoloader\Autoloader->loadInNamespace('App\\Entities\\Bansos')
 4 [internal function]: CodeIgniter\Autoloader\Autoloader->loadClass('App\\Entities\\Bansos')
 5 SYSTEMPATH\Database\MySQLi\Result.php(150): is_subclass_of('App\\Entities\\Bansos', 'CodeIgniter\\Entity\\Entity')
 6 SYSTEMPATH\Database\BaseResult.php(159): CodeIgniter\Database\MySQLi\Result->fetchObject('App\\Entities\\Bansos')
 7 SYSTEMPATH\Database\BaseResult.php(114): CodeIgniter\Database\BaseResult->getCustomResultObject('App\\Entities\\Bansos')
 8 SYSTEMPATH\Model.php(242): CodeIgniter\Database\BaseResult->getResult('App\\Entities\\Bansos')
 9 SYSTEMPATH\BaseModel.php(618): CodeIgniter\Model->doFindAll(0, 0)
10 APPPATH\Controllers\Admin\DataBansosController.php(21): CodeIgniter\BaseModel->findAll()
11 SYSTEMPATH\CodeIgniter.php(932): App\Controllers\Admin\DataBansosController->get_table()
12 SYSTEMPATH\CodeIgniter.php(497): CodeIgniter\CodeIgniter->runController(Object(App\Controllers\Admin\DataBansosController))
13 SYSTEMPATH\CodeIgniter.php(366): CodeIgniter\CodeIgniter->handleRequest(null, Object(Config\Cache), false)
14 FCPATH\index.php(67): CodeIgniter\CodeIgniter->run()
15 SYSTEMPATH\Commands\Server\rewrite.php(47): require_once('C:\\laragon\\www\\bansos\\public\\index.php')
WARNING - 2023-08-06 06:46:41 --> [DEPRECATED] Optional parameter $status declared before required parameter $kecamatan_id is implicitly treated as a required parameter in APPPATH\Entities\JenisBansos.php on line 20.
 1 SYSTEMPATH\Autoloader\Autoloader.php(312): include_once('C:\\laragon\\www\\bansos\\system\\Debug\\Exceptions.php')
 2 SYSTEMPATH\Autoloader\Autoloader.php(289): CodeIgniter\Autoloader\Autoloader->includeFile('C:\\laragon\\www\\bansos\\app\\Entities\\JenisBansos.php')
 3 SYSTEMPATH\Autoloader\Autoloader.php(267): CodeIgniter\Autoloader\Autoloader->loadInNamespace('App\\Entities\\JenisBansos')
 4 [internal function]: CodeIgniter\Autoloader\Autoloader->loadClass('App\\Entities\\JenisBansos')
 5 SYSTEMPATH\Database\MySQLi\Result.php(150): is_subclass_of('App\\Entities\\JenisBansos', 'CodeIgniter\\Entity\\Entity')
 6 SYSTEMPATH\Database\BaseResult.php(159): CodeIgniter\Database\MySQLi\Result->fetchObject('App\\Entities\\JenisBansos')
 7 SYSTEMPATH\Database\BaseResult.php(114): CodeIgniter\Database\BaseResult->getCustomResultObject('App\\Entities\\JenisBansos')
 8 SYSTEMPATH\Database\BaseResult.php(391): CodeIgniter\Database\BaseResult->getResult('App\\Entities\\JenisBansos')
 9 SYSTEMPATH\Model.php(201): CodeIgniter\Database\BaseResult->getFirstRow('App\\Entities\\JenisBansos')
10 SYSTEMPATH\BaseModel.php(557): CodeIgniter\Model->doFind(true, '5')
11 APPPATH\Entities\Bansos.php(21): CodeIgniter\BaseModel->find('5')
12 SYSTEMPATH\Entity\Entity.php(491): App\Entities\Bansos->getJenis()
13 APPPATH\Views\admin\bansos\table.php(22): CodeIgniter\Entity\Entity->__get('jenis')
14 SYSTEMPATH\View\View.php(224): include('C:\\laragon\\www\\bansos\\app\\Views\\admin\\bansos\\table.php')
15 SYSTEMPATH\View\View.php(227): CodeIgniter\View\View->CodeIgniter\View\{closure}()
16 SYSTEMPATH\Common.php(1180): CodeIgniter\View\View->render('admin/bansos/table', [], true)
17 APPPATH\Controllers\BaseController.php(66): view('admin/bansos/table', [...])
18 APPPATH\Controllers\Admin\DataBansosController.php(22): App\Controllers\BaseController->renderView('admin/bansos/table', [...])
19 SYSTEMPATH\CodeIgniter.php(932): App\Controllers\Admin\DataBansosController->get_table()
20 SYSTEMPATH\CodeIgniter.php(497): CodeIgniter\CodeIgniter->runController(Object(App\Controllers\Admin\DataBansosController))
21 SYSTEMPATH\CodeIgniter.php(366): CodeIgniter\CodeIgniter->handleRequest(null, Object(Config\Cache), false)
22 FCPATH\index.php(67): CodeIgniter\CodeIgniter->run()
23 SYSTEMPATH\Commands\Server\rewrite.php(47): require_once('C:\\laragon\\www\\bansos\\public\\index.php')
INFO - 2023-08-06 06:47:03 --> Session: Class initialized using 'CodeIgniter\Session\Handlers\FileHandler' driver.
INFO - 2023-08-06 06:47:03 --> Session: Class initialized using 'CodeIgniter\Session\Handlers\FileHandler' driver.
WARNING - 2023-08-06 06:47:03 --> [DEPRECATED] Optional parameter $status declared before required parameter $kecamatan_id is implicitly treated as a required parameter in APPPATH\Entities\Bansos.php on line 28.
 1 SYSTEMPATH\Autoloader\Autoloader.php(312): include_once('C:\\laragon\\www\\bansos\\system\\Debug\\Exceptions.php')
 2 SYSTEMPATH\Autoloader\Autoloader.php(289): CodeIgniter\Autoloader\Autoloader->includeFile('C:\\laragon\\www\\bansos\\app\\Entities\\Bansos.php')
 3 SYSTEMPATH\Autoloader\Autoloader.php(267): CodeIgniter\Autoloader\Autoloader->loadInNamespace('App\\Entities\\Bansos')
 4 [internal function]: CodeIgniter\Autoloader\Autoloader->loadClass('App\\Entities\\Bansos')
 5 SYSTEMPATH\Database\MySQLi\Result.php(150): is_subclass_of('App\\Entities\\Bansos', 'CodeIgniter\\Entity\\Entity')
 6 SYSTEMPATH\Database\BaseResult.php(159): CodeIgniter\Database\MySQLi\Result->fetchObject('App\\Entities\\Bansos')
 7 SYSTEMPATH\Database\BaseResult.php(114): CodeIgniter\Database\BaseResult->getCustomResultObject('App\\Entities\\Bansos')
 8 SYSTEMPATH\Model.php(242): CodeIgniter\Database\BaseResult->getResult('App\\Entities\\Bansos')
 9 SYSTEMPATH\BaseModel.php(618): CodeIgniter\Model->doFindAll(0, 0)
10 APPPATH\Controllers\Admin\DataBansosController.php(21): CodeIgniter\BaseModel->findAll()
11 SYSTEMPATH\CodeIgniter.php(932): App\Controllers\Admin\DataBansosController->get_table()
12 SYSTEMPATH\CodeIgniter.php(497): CodeIgniter\CodeIgniter->runController(Object(App\Controllers\Admin\DataBansosController))
13 SYSTEMPATH\CodeIgniter.php(366): CodeIgniter\CodeIgniter->handleRequest(null, Object(Config\Cache), false)
14 FCPATH\index.php(67): CodeIgniter\CodeIgniter->run()
15 SYSTEMPATH\Commands\Server\rewrite.php(47): require_once('C:\\laragon\\www\\bansos\\public\\index.php')
WARNING - 2023-08-06 06:47:03 --> [DEPRECATED] Optional parameter $status declared before required parameter $kecamatan_id is implicitly treated as a required parameter in APPPATH\Entities\JenisBansos.php on line 20.
 1 SYSTEMPATH\Autoloader\Autoloader.php(312): include_once('C:\\laragon\\www\\bansos\\system\\Debug\\Exceptions.php')
 2 SYSTEMPATH\Autoloader\Autoloader.php(289): CodeIgniter\Autoloader\Autoloader->includeFile('C:\\laragon\\www\\bansos\\app\\Entities\\JenisBansos.php')
 3 SYSTEMPATH\Autoloader\Autoloader.php(267): CodeIgniter\Autoloader\Autoloader->loadInNamespace('App\\Entities\\JenisBansos')
 4 [internal function]: CodeIgniter\Autoloader\Autoloader->loadClass('App\\Entities\\JenisBansos')
 5 SYSTEMPATH\Database\MySQLi\Result.php(150): is_subclass_of('App\\Entities\\JenisBansos', 'CodeIgniter\\Entity\\Entity')
 6 SYSTEMPATH\Database\BaseResult.php(159): CodeIgniter\Database\MySQLi\Result->fetchObject('App\\Entities\\JenisBansos')
 7 SYSTEMPATH\Database\BaseResult.php(114): CodeIgniter\Database\BaseResult->getCustomResultObject('App\\Entities\\JenisBansos')
 8 SYSTEMPATH\Database\BaseResult.php(391): CodeIgniter\Database\BaseResult->getResult('App\\Entities\\JenisBansos')
 9 SYSTEMPATH\Model.php(201): CodeIgniter\Database\BaseResult->getFirstRow('App\\Entities\\JenisBansos')
10 SYSTEMPATH\BaseModel.php(557): CodeIgniter\Model->doFind(true, '5')
11 APPPATH\Entities\Bansos.php(21): CodeIgniter\BaseModel->find('5')
12 SYSTEMPATH\Entity\Entity.php(491): App\Entities\Bansos->getJenis()
13 APPPATH\Views\admin\bansos\table.php(22): CodeIgniter\Entity\Entity->__get('jenis')
14 SYSTEMPATH\View\View.php(224): include('C:\\laragon\\www\\bansos\\app\\Views\\admin\\bansos\\table.php')
15 SYSTEMPATH\View\View.php(227): CodeIgniter\View\View->CodeIgniter\View\{closure}()
16 SYSTEMPATH\Common.php(1180): CodeIgniter\View\View->render('admin/bansos/table', [], true)
17 APPPATH\Controllers\BaseController.php(66): view('admin/bansos/table', [...])
18 APPPATH\Controllers\Admin\DataBansosController.php(22): App\Controllers\BaseController->renderView('admin/bansos/table', [...])
19 SYSTEMPATH\CodeIgniter.php(932): App\Controllers\Admin\DataBansosController->get_table()
20 SYSTEMPATH\CodeIgniter.php(497): CodeIgniter\CodeIgniter->runController(Object(App\Controllers\Admin\DataBansosController))
21 SYSTEMPATH\CodeIgniter.php(366): CodeIgniter\CodeIgniter->handleRequest(null, Object(Config\Cache), false)
22 FCPATH\index.php(67): CodeIgniter\CodeIgniter->run()
23 SYSTEMPATH\Commands\Server\rewrite.php(47): require_once('C:\\laragon\\www\\bansos\\public\\index.php')
INFO - 2023-08-06 06:48:08 --> Session: Class initialized using 'CodeIgniter\Session\Handlers\FileHandler' driver.
INFO - 2023-08-06 06:48:08 --> Session: Class initialized using 'CodeIgniter\Session\Handlers\FileHandler' driver.
WARNING - 2023-08-06 06:48:09 --> [DEPRECATED] Optional parameter $status declared before required parameter $kecamatan_id is implicitly treated as a required parameter in APPPATH\Entities\Bansos.php on line 28.
 1 SYSTEMPATH\Autoloader\Autoloader.php(312): include_once('C:\\laragon\\www\\bansos\\system\\Debug\\Exceptions.php')
 2 SYSTEMPATH\Autoloader\Autoloader.php(289): CodeIgniter\Autoloader\Autoloader->includeFile('C:\\laragon\\www\\bansos\\app\\Entities\\Bansos.php')
 3 SYSTEMPATH\Autoloader\Autoloader.php(267): CodeIgniter\Autoloader\Autoloader->loadInNamespace('App\\Entities\\Bansos')
 4 [internal function]: CodeIgniter\Autoloader\Autoloader->loadClass('App\\Entities\\Bansos')
 5 SYSTEMPATH\Database\MySQLi\Result.php(150): is_subclass_of('App\\Entities\\Bansos', 'CodeIgniter\\Entity\\Entity')
 6 SYSTEMPATH\Database\BaseResult.php(159): CodeIgniter\Database\MySQLi\Result->fetchObject('App\\Entities\\Bansos')
 7 SYSTEMPATH\Database\BaseResult.php(114): CodeIgniter\Database\BaseResult->getCustomResultObject('App\\Entities\\Bansos')
 8 SYSTEMPATH\Model.php(242): CodeIgniter\Database\BaseResult->getResult('App\\Entities\\Bansos')
 9 SYSTEMPATH\BaseModel.php(618): CodeIgniter\Model->doFindAll(0, 0)
10 APPPATH\Controllers\Admin\DataBansosController.php(21): CodeIgniter\BaseModel->findAll()
11 SYSTEMPATH\CodeIgniter.php(932): App\Controllers\Admin\DataBansosController->get_table()
12 SYSTEMPATH\CodeIgniter.php(497): CodeIgniter\CodeIgniter->runController(Object(App\Controllers\Admin\DataBansosController))
13 SYSTEMPATH\CodeIgniter.php(366): CodeIgniter\CodeIgniter->handleRequest(null, Object(Config\Cache), false)
14 FCPATH\index.php(67): CodeIgniter\CodeIgniter->run()
15 SYSTEMPATH\Commands\Server\rewrite.php(47): require_once('C:\\laragon\\www\\bansos\\public\\index.php')
WARNING - 2023-08-06 06:48:09 --> [DEPRECATED] Optional parameter $status declared before required parameter $kecamatan_id is implicitly treated as a required parameter in APPPATH\Entities\JenisBansos.php on line 20.
 1 SYSTEMPATH\Autoloader\Autoloader.php(312): include_once('C:\\laragon\\www\\bansos\\system\\Debug\\Exceptions.php')
 2 SYSTEMPATH\Autoloader\Autoloader.php(289): CodeIgniter\Autoloader\Autoloader->includeFile('C:\\laragon\\www\\bansos\\app\\Entities\\JenisBansos.php')
 3 SYSTEMPATH\Autoloader\Autoloader.php(267): CodeIgniter\Autoloader\Autoloader->loadInNamespace('App\\Entities\\JenisBansos')
 4 [internal function]: CodeIgniter\Autoloader\Autoloader->loadClass('App\\Entities\\JenisBansos')
 5 SYSTEMPATH\Database\MySQLi\Result.php(150): is_subclass_of('App\\Entities\\JenisBansos', 'CodeIgniter\\Entity\\Entity')
 6 SYSTEMPATH\Database\BaseResult.php(159): CodeIgniter\Database\MySQLi\Result->fetchObject('App\\Entities\\JenisBansos')
 7 SYSTEMPATH\Database\BaseResult.php(114): CodeIgniter\Database\BaseResult->getCustomResultObject('App\\Entities\\JenisBansos')
 8 SYSTEMPATH\Database\BaseResult.php(391): CodeIgniter\Database\BaseResult->getResult('App\\Entities\\JenisBansos')
 9 SYSTEMPATH\Model.php(201): CodeIgniter\Database\BaseResult->getFirstRow('App\\Entities\\JenisBansos')
10 SYSTEMPATH\BaseModel.php(557): CodeIgniter\Model->doFind(true, '5')
11 APPPATH\Entities\Bansos.php(21): CodeIgniter\BaseModel->find('5')
12 SYSTEMPATH\Entity\Entity.php(491): App\Entities\Bansos->getJenis()
13 APPPATH\Views\admin\bansos\table.php(22): CodeIgniter\Entity\Entity->__get('jenis')
14 SYSTEMPATH\View\View.php(224): include('C:\\laragon\\www\\bansos\\app\\Views\\admin\\bansos\\table.php')
15 SYSTEMPATH\View\View.php(227): CodeIgniter\View\View->CodeIgniter\View\{closure}()
16 SYSTEMPATH\Common.php(1180): CodeIgniter\View\View->render('admin/bansos/table', [], true)
17 APPPATH\Controllers\BaseController.php(66): view('admin/bansos/table', [...])
18 APPPATH\Controllers\Admin\DataBansosController.php(22): App\Controllers\BaseController->renderView('admin/bansos/table', [...])
19 SYSTEMPATH\CodeIgniter.php(932): App\Controllers\Admin\DataBansosController->get_table()
20 SYSTEMPATH\CodeIgniter.php(497): CodeIgniter\CodeIgniter->runController(Object(App\Controllers\Admin\DataBansosController))
21 SYSTEMPATH\CodeIgniter.php(366): CodeIgniter\CodeIgniter->handleRequest(null, Object(Config\Cache), false)
22 FCPATH\index.php(67): CodeIgniter\CodeIgniter->run()
23 SYSTEMPATH\Commands\Server\rewrite.php(47): require_once('C:\\laragon\\www\\bansos\\public\\index.php')
INFO - 2023-08-06 06:48:32 --> Session: Class initialized using 'CodeIgniter\Session\Handlers\FileHandler' driver.
INFO - 2023-08-06 06:48:32 --> Session: Class initialized using 'CodeIgniter\Session\Handlers\FileHandler' driver.
WARNING - 2023-08-06 06:48:32 --> [DEPRECATED] Optional parameter $status declared before required parameter $kecamatan_id is implicitly treated as a required parameter in APPPATH\Entities\Bansos.php on line 28.
 1 SYSTEMPATH\Autoloader\Autoloader.php(312): include_once('C:\\laragon\\www\\bansos\\system\\Debug\\Exceptions.php')
 2 SYSTEMPATH\Autoloader\Autoloader.php(289): CodeIgniter\Autoloader\Autoloader->includeFile('C:\\laragon\\www\\bansos\\app\\Entities\\Bansos.php')
 3 SYSTEMPATH\Autoloader\Autoloader.php(267): CodeIgniter\Autoloader\Autoloader->loadInNamespace('App\\Entities\\Bansos')
 4 [internal function]: CodeIgniter\Autoloader\Autoloader->loadClass('App\\Entities\\Bansos')
 5 SYSTEMPATH\Database\MySQLi\Result.php(150): is_subclass_of('App\\Entities\\Bansos', 'CodeIgniter\\Entity\\Entity')
 6 SYSTEMPATH\Database\BaseResult.php(159): CodeIgniter\Database\MySQLi\Result->fetchObject('App\\Entities\\Bansos')
 7 SYSTEMPATH\Database\BaseResult.php(114): CodeIgniter\Database\BaseResult->getCustomResultObject('App\\Entities\\Bansos')
 8 SYSTEMPATH\Model.php(242): CodeIgniter\Database\BaseResult->getResult('App\\Entities\\Bansos')
 9 SYSTEMPATH\BaseModel.php(618): CodeIgniter\Model->doFindAll(0, 0)
10 APPPATH\Controllers\Admin\DataBansosController.php(21): CodeIgniter\BaseModel->findAll()
11 SYSTEMPATH\CodeIgniter.php(932): App\Controllers\Admin\DataBansosController->get_table()
12 SYSTEMPATH\CodeIgniter.php(497): CodeIgniter\CodeIgniter->runController(Object(App\Controllers\Admin\DataBansosController))
13 SYSTEMPATH\CodeIgniter.php(366): CodeIgniter\CodeIgniter->handleRequest(null, Object(Config\Cache), false)
14 FCPATH\index.php(67): CodeIgniter\CodeIgniter->run()
15 SYSTEMPATH\Commands\Server\rewrite.php(47): require_once('C:\\laragon\\www\\bansos\\public\\index.php')
WARNING - 2023-08-06 06:48:32 --> [DEPRECATED] Optional parameter $status declared before required parameter $kecamatan_id is implicitly treated as a required parameter in APPPATH\Entities\JenisBansos.php on line 20.
 1 SYSTEMPATH\Autoloader\Autoloader.php(312): include_once('C:\\laragon\\www\\bansos\\system\\Debug\\Exceptions.php')
 2 SYSTEMPATH\Autoloader\Autoloader.php(289): CodeIgniter\Autoloader\Autoloader->includeFile('C:\\laragon\\www\\bansos\\app\\Entities\\JenisBansos.php')
 3 SYSTEMPATH\Autoloader\Autoloader.php(267): CodeIgniter\Autoloader\Autoloader->loadInNamespace('App\\Entities\\JenisBansos')
 4 [internal function]: CodeIgniter\Autoloader\Autoloader->loadClass('App\\Entities\\JenisBansos')
 5 SYSTEMPATH\Database\MySQLi\Result.php(150): is_subclass_of('App\\Entities\\JenisBansos', 'CodeIgniter\\Entity\\Entity')
 6 SYSTEMPATH\Database\BaseResult.php(159): CodeIgniter\Database\MySQLi\Result->fetchObject('App\\Entities\\JenisBansos')
 7 SYSTEMPATH\Database\BaseResult.php(114): CodeIgniter\Database\BaseResult->getCustomResultObject('App\\Entities\\JenisBansos')
 8 SYSTEMPATH\Database\BaseResult.php(391): CodeIgniter\Database\BaseResult->getResult('App\\Entities\\JenisBansos')
 9 SYSTEMPATH\Model.php(201): CodeIgniter\Database\BaseResult->getFirstRow('App\\Entities\\JenisBansos')
10 SYSTEMPATH\BaseModel.php(557): CodeIgniter\Model->doFind(true, '5')
11 APPPATH\Entities\Bansos.php(21): CodeIgniter\BaseModel->find('5')
12 SYSTEMPATH\Entity\Entity.php(491): App\Entities\Bansos->getJenis()
13 APPPATH\Views\admin\bansos\table.php(22): CodeIgniter\Entity\Entity->__get('jenis')
14 SYSTEMPATH\View\View.php(224): include('C:\\laragon\\www\\bansos\\app\\Views\\admin\\bansos\\table.php')
15 SYSTEMPATH\View\View.php(227): CodeIgniter\View\View->CodeIgniter\View\{closure}()
16 SYSTEMPATH\Common.php(1180): CodeIgniter\View\View->render('admin/bansos/table', [], true)
17 APPPATH\Controllers\BaseController.php(66): view('admin/bansos/table', [...])
18 APPPATH\Controllers\Admin\DataBansosController.php(22): App\Controllers\BaseController->renderView('admin/bansos/table', [...])
19 SYSTEMPATH\CodeIgniter.php(932): App\Controllers\Admin\DataBansosController->get_table()
20 SYSTEMPATH\CodeIgniter.php(497): CodeIgniter\CodeIgniter->runController(Object(App\Controllers\Admin\DataBansosController))
21 SYSTEMPATH\CodeIgniter.php(366): CodeIgniter\CodeIgniter->handleRequest(null, Object(Config\Cache), false)
22 FCPATH\index.php(67): CodeIgniter\CodeIgniter->run()
23 SYSTEMPATH\Commands\Server\rewrite.php(47): require_once('C:\\laragon\\www\\bansos\\public\\index.php')
INFO - 2023-08-06 06:50:13 --> Session: Class initialized using 'CodeIgniter\Session\Handlers\FileHandler' driver.
INFO - 2023-08-06 06:50:14 --> Session: Class initialized using 'CodeIgniter\Session\Handlers\FileHandler' driver.
WARNING - 2023-08-06 06:50:14 --> [DEPRECATED] Optional parameter $status declared before required parameter $kecamatan_id is implicitly treated as a required parameter in APPPATH\Entities\Bansos.php on line 28.
 1 SYSTEMPATH\Autoloader\Autoloader.php(312): include_once('C:\\laragon\\www\\bansos\\system\\Debug\\Exceptions.php')
 2 SYSTEMPATH\Autoloader\Autoloader.php(289): CodeIgniter\Autoloader\Autoloader->includeFile('C:\\laragon\\www\\bansos\\app\\Entities\\Bansos.php')
 3 SYSTEMPATH\Autoloader\Autoloader.php(267): CodeIgniter\Autoloader\Autoloader->loadInNamespace('App\\Entities\\Bansos')
 4 [internal function]: CodeIgniter\Autoloader\Autoloader->loadClass('App\\Entities\\Bansos')
 5 SYSTEMPATH\Database\MySQLi\Result.php(150): is_subclass_of('App\\Entities\\Bansos', 'CodeIgniter\\Entity\\Entity')
 6 SYSTEMPATH\Database\BaseResult.php(159): CodeIgniter\Database\MySQLi\Result->fetchObject('App\\Entities\\Bansos')
 7 SYSTEMPATH\Database\BaseResult.php(114): CodeIgniter\Database\BaseResult->getCustomResultObject('App\\Entities\\Bansos')
 8 SYSTEMPATH\Model.php(242): CodeIgniter\Database\BaseResult->getResult('App\\Entities\\Bansos')
 9 SYSTEMPATH\BaseModel.php(618): CodeIgniter\Model->doFindAll(0, 0)
10 APPPATH\Controllers\Admin\DataBansosController.php(21): CodeIgniter\BaseModel->findAll()
11 SYSTEMPATH\CodeIgniter.php(932): App\Controllers\Admin\DataBansosController->get_table()
12 SYSTEMPATH\CodeIgniter.php(497): CodeIgniter\CodeIgniter->runController(Object(App\Controllers\Admin\DataBansosController))
13 SYSTEMPATH\CodeIgniter.php(366): CodeIgniter\CodeIgniter->handleRequest(null, Object(Config\Cache), false)
14 FCPATH\index.php(67): CodeIgniter\CodeIgniter->run()
15 SYSTEMPATH\Commands\Server\rewrite.php(47): require_once('C:\\laragon\\www\\bansos\\public\\index.php')
WARNING - 2023-08-06 06:50:14 --> [DEPRECATED] Optional parameter $status declared before required parameter $kecamatan_id is implicitly treated as a required parameter in APPPATH\Entities\JenisBansos.php on line 20.
 1 SYSTEMPATH\Autoloader\Autoloader.php(312): include_once('C:\\laragon\\www\\bansos\\system\\Debug\\Exceptions.php')
 2 SYSTEMPATH\Autoloader\Autoloader.php(289): CodeIgniter\Autoloader\Autoloader->includeFile('C:\\laragon\\www\\bansos\\app\\Entities\\JenisBansos.php')
 3 SYSTEMPATH\Autoloader\Autoloader.php(267): CodeIgniter\Autoloader\Autoloader->loadInNamespace('App\\Entities\\JenisBansos')
 4 [internal function]: CodeIgniter\Autoloader\Autoloader->loadClass('App\\Entities\\JenisBansos')
 5 SYSTEMPATH\Database\MySQLi\Result.php(150): is_subclass_of('App\\Entities\\JenisBansos', 'CodeIgniter\\Entity\\Entity')
 6 SYSTEMPATH\Database\BaseResult.php(159): CodeIgniter\Database\MySQLi\Result->fetchObject('App\\Entities\\JenisBansos')
 7 SYSTEMPATH\Database\BaseResult.php(114): CodeIgniter\Database\BaseResult->getCustomResultObject('App\\Entities\\JenisBansos')
 8 SYSTEMPATH\Database\BaseResult.php(391): CodeIgniter\Database\BaseResult->getResult('App\\Entities\\JenisBansos')
 9 SYSTEMPATH\Model.php(201): CodeIgniter\Database\BaseResult->getFirstRow('App\\Entities\\JenisBansos')
10 SYSTEMPATH\BaseModel.php(557): CodeIgniter\Model->doFind(true, '5')
11 APPPATH\Entities\Bansos.php(21): CodeIgniter\BaseModel->find('5')
12 SYSTEMPATH\Entity\Entity.php(491): App\Entities\Bansos->getJenis()
13 APPPATH\Views\admin\bansos\table.php(22): CodeIgniter\Entity\Entity->__get('jenis')
14 SYSTEMPATH\View\View.php(224): include('C:\\laragon\\www\\bansos\\app\\Views\\admin\\bansos\\table.php')
15 SYSTEMPATH\View\View.php(227): CodeIgniter\View\View->CodeIgniter\View\{closure}()
16 SYSTEMPATH\Common.php(1180): CodeIgniter\View\View->render('admin/bansos/table', [], true)
17 APPPATH\Controllers\BaseController.php(66): view('admin/bansos/table', [...])
18 APPPATH\Controllers\Admin\DataBansosController.php(22): App\Controllers\BaseController->renderView('admin/bansos/table', [...])
19 SYSTEMPATH\CodeIgniter.php(932): App\Controllers\Admin\DataBansosController->get_table()
20 SYSTEMPATH\CodeIgniter.php(497): CodeIgniter\CodeIgniter->runController(Object(App\Controllers\Admin\DataBansosController))
21 SYSTEMPATH\CodeIgniter.php(366): CodeIgniter\CodeIgniter->handleRequest(null, Object(Config\Cache), false)
22 FCPATH\index.php(67): CodeIgniter\CodeIgniter->run()
23 SYSTEMPATH\Commands\Server\rewrite.php(47): require_once('C:\\laragon\\www\\bansos\\public\\index.php')
INFO - 2023-08-06 06:50:36 --> Session: Class initialized using 'CodeIgniter\Session\Handlers\FileHandler' driver.
WARNING - 2023-08-06 06:50:36 --> [DEPRECATED] Optional parameter $status declared before required parameter $kecamatan_id is implicitly treated as a required parameter in APPPATH\Entities\Bansos.php on line 28.
 1 SYSTEMPATH\Autoloader\Autoloader.php(312): include_once('C:\\laragon\\www\\bansos\\system\\Debug\\Exceptions.php')
 2 SYSTEMPATH\Autoloader\Autoloader.php(289): CodeIgniter\Autoloader\Autoloader->includeFile('C:\\laragon\\www\\bansos\\app\\Entities\\Bansos.php')
 3 SYSTEMPATH\Autoloader\Autoloader.php(267): CodeIgniter\Autoloader\Autoloader->loadInNamespace('App\\Entities\\Bansos')
 4 [internal function]: CodeIgniter\Autoloader\Autoloader->loadClass('App\\Entities\\Bansos')
 5 SYSTEMPATH\Database\MySQLi\Result.php(150): is_subclass_of('App\\Entities\\Bansos', 'CodeIgniter\\Entity\\Entity')
 6 SYSTEMPATH\Database\BaseResult.php(159): CodeIgniter\Database\MySQLi\Result->fetchObject('App\\Entities\\Bansos')
 7 SYSTEMPATH\Database\BaseResult.php(114): CodeIgniter\Database\BaseResult->getCustomResultObject('App\\Entities\\Bansos')
 8 SYSTEMPATH\Database\BaseResult.php(391): CodeIgniter\Database\BaseResult->getResult('App\\Entities\\Bansos')
 9 SYSTEMPATH\Model.php(201): CodeIgniter\Database\BaseResult->getFirstRow('App\\Entities\\Bansos')
10 SYSTEMPATH\BaseModel.php(557): CodeIgniter\Model->doFind(true, '5')
11 APPPATH\Controllers\Admin\DataBansosWargaController.php(13): CodeIgniter\BaseModel->find('5')
12 SYSTEMPATH\CodeIgniter.php(932): App\Controllers\Admin\DataBansosWargaController->index('5')
13 SYSTEMPATH\CodeIgniter.php(497): CodeIgniter\CodeIgniter->runController(Object(App\Controllers\Admin\DataBansosWargaController))
14 SYSTEMPATH\CodeIgniter.php(366): CodeIgniter\CodeIgniter->handleRequest(null, Object(Config\Cache), false)
15 FCPATH\index.php(67): CodeIgniter\CodeIgniter->run()
16 SYSTEMPATH\Commands\Server\rewrite.php(47): require_once('C:\\laragon\\www\\bansos\\public\\index.php')
INFO - 2023-08-06 06:50:37 --> Session: Class initialized using 'CodeIgniter\Session\Handlers\FileHandler' driver.
WARNING - 2023-08-06 06:50:37 --> [DEPRECATED] Optional parameter $status declared before required parameter $kecamatan_id is implicitly treated as a required parameter in APPPATH\Entities\Bansos.php on line 28.
 1 SYSTEMPATH\Autoloader\Autoloader.php(312): include_once('C:\\laragon\\www\\bansos\\system\\Debug\\Exceptions.php')
 2 SYSTEMPATH\Autoloader\Autoloader.php(289): CodeIgniter\Autoloader\Autoloader->includeFile('C:\\laragon\\www\\bansos\\app\\Entities\\Bansos.php')
 3 SYSTEMPATH\Autoloader\Autoloader.php(267): CodeIgniter\Autoloader\Autoloader->loadInNamespace('App\\Entities\\Bansos')
 4 [internal function]: CodeIgniter\Autoloader\Autoloader->loadClass('App\\Entities\\Bansos')
 5 SYSTEMPATH\Database\MySQLi\Result.php(150): is_subclass_of('App\\Entities\\Bansos', 'CodeIgniter\\Entity\\Entity')
 6 SYSTEMPATH\Database\BaseResult.php(159): CodeIgniter\Database\MySQLi\Result->fetchObject('App\\Entities\\Bansos')
 7 SYSTEMPATH\Database\BaseResult.php(114): CodeIgniter\Database\BaseResult->getCustomResultObject('App\\Entities\\Bansos')
 8 SYSTEMPATH\Database\BaseResult.php(391): CodeIgniter\Database\BaseResult->getResult('App\\Entities\\Bansos')
 9 SYSTEMPATH\Model.php(201): CodeIgniter\Database\BaseResult->getFirstRow('App\\Entities\\Bansos')
10 SYSTEMPATH\BaseModel.php(557): CodeIgniter\Model->doFind(true, '5')
11 APPPATH\Controllers\Admin\DataBansosWargaController.php(22): CodeIgniter\BaseModel->find('5')
12 SYSTEMPATH\CodeIgniter.php(932): App\Controllers\Admin\DataBansosWargaController->get_table('5')
13 SYSTEMPATH\CodeIgniter.php(497): CodeIgniter\CodeIgniter->runController(Object(App\Controllers\Admin\DataBansosWargaController))
14 SYSTEMPATH\CodeIgniter.php(366): CodeIgniter\CodeIgniter->handleRequest(null, Object(Config\Cache), false)
15 FCPATH\index.php(67): CodeIgniter\CodeIgniter->run()
16 SYSTEMPATH\Commands\Server\rewrite.php(47): require_once('C:\\laragon\\www\\bansos\\public\\index.php')
INFO - 2023-08-06 06:50:38 --> Session: Class initialized using 'CodeIgniter\Session\Handlers\FileHandler' driver.
INFO - 2023-08-06 06:50:39 --> Session: Class initialized using 'CodeIgniter\Session\Handlers\FileHandler' driver.
WARNING - 2023-08-06 06:50:39 --> [DEPRECATED] Optional parameter $status declared before required parameter $kecamatan_id is implicitly treated as a required parameter in APPPATH\Entities\Bansos.php on line 28.
 1 SYSTEMPATH\Autoloader\Autoloader.php(312): include_once('C:\\laragon\\www\\bansos\\system\\Debug\\Exceptions.php')
 2 SYSTEMPATH\Autoloader\Autoloader.php(289): CodeIgniter\Autoloader\Autoloader->includeFile('C:\\laragon\\www\\bansos\\app\\Entities\\Bansos.php')
 3 SYSTEMPATH\Autoloader\Autoloader.php(267): CodeIgniter\Autoloader\Autoloader->loadInNamespace('App\\Entities\\Bansos')
 4 [internal function]: CodeIgniter\Autoloader\Autoloader->loadClass('App\\Entities\\Bansos')
 5 SYSTEMPATH\Database\MySQLi\Result.php(150): is_subclass_of('App\\Entities\\Bansos', 'CodeIgniter\\Entity\\Entity')
 6 SYSTEMPATH\Database\BaseResult.php(159): CodeIgniter\Database\MySQLi\Result->fetchObject('App\\Entities\\Bansos')
 7 SYSTEMPATH\Database\BaseResult.php(114): CodeIgniter\Database\BaseResult->getCustomResultObject('App\\Entities\\Bansos')
 8 SYSTEMPATH\Model.php(242): CodeIgniter\Database\BaseResult->getResult('App\\Entities\\Bansos')
 9 SYSTEMPATH\BaseModel.php(618): CodeIgniter\Model->doFindAll(0, 0)
10 APPPATH\Controllers\Admin\DataBansosController.php(21): CodeIgniter\BaseModel->findAll()
11 SYSTEMPATH\CodeIgniter.php(932): App\Controllers\Admin\DataBansosController->get_table()
12 SYSTEMPATH\CodeIgniter.php(497): CodeIgniter\CodeIgniter->runController(Object(App\Controllers\Admin\DataBansosController))
13 SYSTEMPATH\CodeIgniter.php(366): CodeIgniter\CodeIgniter->handleRequest(null, Object(Config\Cache), false)
14 FCPATH\index.php(67): CodeIgniter\CodeIgniter->run()
15 SYSTEMPATH\Commands\Server\rewrite.php(47): require_once('C:\\laragon\\www\\bansos\\public\\index.php')
WARNING - 2023-08-06 06:50:39 --> [DEPRECATED] Optional parameter $status declared before required parameter $kecamatan_id is implicitly treated as a required parameter in APPPATH\Entities\JenisBansos.php on line 20.
 1 SYSTEMPATH\Autoloader\Autoloader.php(312): include_once('C:\\laragon\\www\\bansos\\system\\Debug\\Exceptions.php')
 2 SYSTEMPATH\Autoloader\Autoloader.php(289): CodeIgniter\Autoloader\Autoloader->includeFile('C:\\laragon\\www\\bansos\\app\\Entities\\JenisBansos.php')
 3 SYSTEMPATH\Autoloader\Autoloader.php(267): CodeIgniter\Autoloader\Autoloader->loadInNamespace('App\\Entities\\JenisBansos')
 4 [internal function]: CodeIgniter\Autoloader\Autoloader->loadClass('App\\Entities\\JenisBansos')
 5 SYSTEMPATH\Database\MySQLi\Result.php(150): is_subclass_of('App\\Entities\\JenisBansos', 'CodeIgniter\\Entity\\Entity')
 6 SYSTEMPATH\Database\BaseResult.php(159): CodeIgniter\Database\MySQLi\Result->fetchObject('App\\Entities\\JenisBansos')
 7 SYSTEMPATH\Database\BaseResult.php(114): CodeIgniter\Database\BaseResult->getCustomResultObject('App\\Entities\\JenisBansos')
 8 SYSTEMPATH\Database\BaseResult.php(391): CodeIgniter\Database\BaseResult->getResult('App\\Entities\\JenisBansos')
 9 SYSTEMPATH\Model.php(201): CodeIgniter\Database\BaseResult->getFirstRow('App\\Entities\\JenisBansos')
10 SYSTEMPATH\BaseModel.php(557): CodeIgniter\Model->doFind(true, '5')
11 APPPATH\Entities\Bansos.php(21): CodeIgniter\BaseModel->find('5')
12 SYSTEMPATH\Entity\Entity.php(491): App\Entities\Bansos->getJenis()
13 APPPATH\Views\admin\bansos\table.php(22): CodeIgniter\Entity\Entity->__get('jenis')
14 SYSTEMPATH\View\View.php(224): include('C:\\laragon\\www\\bansos\\app\\Views\\admin\\bansos\\table.php')
15 SYSTEMPATH\View\View.php(227): CodeIgniter\View\View->CodeIgniter\View\{closure}()
16 SYSTEMPATH\Common.php(1180): CodeIgniter\View\View->render('admin/bansos/table', [], true)
17 APPPATH\Controllers\BaseController.php(66): view('admin/bansos/table', [...])
18 APPPATH\Controllers\Admin\DataBansosController.php(22): App\Controllers\BaseController->renderView('admin/bansos/table', [...])
19 SYSTEMPATH\CodeIgniter.php(932): App\Controllers\Admin\DataBansosController->get_table()
20 SYSTEMPATH\CodeIgniter.php(497): CodeIgniter\CodeIgniter->runController(Object(App\Controllers\Admin\DataBansosController))
21 SYSTEMPATH\CodeIgniter.php(366): CodeIgniter\CodeIgniter->handleRequest(null, Object(Config\Cache), false)
22 FCPATH\index.php(67): CodeIgniter\CodeIgniter->run()
23 SYSTEMPATH\Commands\Server\rewrite.php(47): require_once('C:\\laragon\\www\\bansos\\public\\index.php')
