CRITICAL - 2023-07-09 14:34:29 --> Undefined variable $name
in APPPATH\Views\about.php on line 42.
 1 APPPATH\Views\about.php(42): CodeIgniter\Debug\Exceptions->errorHandler(2, 'Undefined variable $name', 'C:\\Users\\pradana\\Desktop\\skripsi\\coding\\projek\\app\\Views\\about.php', 42)
 2 SYSTEMPATH\View\View.php(224): include('C:\\Users\\pradana\\Desktop\\skripsi\\coding\\projek\\app\\Views\\about.php')
 3 SYSTEMPATH\View\View.php(227): CodeIgniter\View\View->CodeIgniter\View\{closure}()
 4 SYSTEMPATH\Common.php(1180): CodeIgniter\View\View->render('about', [], true)
 5 APPPATH\Controllers\Page.php(25): view('about', [...])
 6 SYSTEMPATH\CodeIgniter.php(932): App\Controllers\Page->about()
 7 SYSTEMPATH\CodeIgniter.php(497): CodeIgniter\CodeIgniter->runController(Object(App\Controllers\Page))
 8 SYSTEMPATH\CodeIgniter.php(366): CodeIgniter\CodeIgniter->handleRequest(null, Object(Config\Cache), false)
 9 FCPATH\index.php(67): CodeIgniter\CodeIgniter->run()
10 SYSTEMPATH\Commands\Server\rewrite.php(47): require_once('C:\\Users\\pradana\\Desktop\\skripsi\\coding\\projek\\public\\index.php')
CRITICAL - 2023-07-09 15:50:51 --> Invalid file: "template/layout.php"
in SYSTEMPATH\Exceptions\FrameworkException.php on line 33.
 1 SYSTEMPATH\View\View.php(212): CodeIgniter\Exceptions\FrameworkException::forInvalidFile('template/layout.php')
 2 SYSTEMPATH\View\View.php(240): CodeIgniter\View\View->render('template/layout', [], true)
 3 SYSTEMPATH\Common.php(1180): CodeIgniter\View\View->render('index', [], true)
 4 APPPATH\Controllers\User.php(9): view('index')
 5 SYSTEMPATH\CodeIgniter.php(932): App\Controllers\User->index()
 6 SYSTEMPATH\CodeIgniter.php(497): CodeIgniter\CodeIgniter->runController(Object(App\Controllers\User))
 7 SYSTEMPATH\CodeIgniter.php(366): CodeIgniter\CodeIgniter->handleRequest(null, Object(Config\Cache), false)
 8 FCPATH\index.php(67): CodeIgniter\CodeIgniter->run()
 9 SYSTEMPATH\Commands\Server\rewrite.php(47): require_once('C:\\Users\\pradana\\Desktop\\skripsi\\coding\\projek\\public\\index.php')
CRITICAL - 2023-07-09 15:53:12 --> Invalid file: "index.php"
in SYSTEMPATH\Exceptions\FrameworkException.php on line 33.
 1 SYSTEMPATH\View\View.php(212): CodeIgniter\Exceptions\FrameworkException::forInvalidFile('index.php')
 2 SYSTEMPATH\Common.php(1180): CodeIgniter\View\View->render('index', [], true)
 3 APPPATH\Controllers\User.php(9): view('index')
 4 SYSTEMPATH\CodeIgniter.php(932): App\Controllers\User->index()
 5 SYSTEMPATH\CodeIgniter.php(497): CodeIgniter\CodeIgniter->runController(Object(App\Controllers\User))
 6 SYSTEMPATH\CodeIgniter.php(366): CodeIgniter\CodeIgniter->handleRequest(null, Object(Config\Cache), false)
 7 FCPATH\index.php(67): CodeIgniter\CodeIgniter->run()
 8 SYSTEMPATH\Commands\Server\rewrite.php(47): require_once('C:\\Users\\pradana\\Desktop\\skripsi\\coding\\projek\\public\\index.php')
