INFO - 2023-07-31 14:01:50 --> Session: Class initialized using 'CodeIgniter\Session\Handlers\FileHandler' driver.
INFO - 2023-07-31 14:01:52 --> Session: Class initialized using 'CodeIgniter\Session\Handlers\FileHandler' driver.
INFO - 2023-07-31 14:03:28 --> Session: Class initialized using 'CodeIgniter\Session\Handlers\FileHandler' driver.
INFO - 2023-07-31 14:03:42 --> Session: Class initialized using 'CodeIgniter\Session\Handlers\FileHandler' driver.
INFO - 2023-07-31 14:03:44 --> Session: Class initialized using 'CodeIgniter\Session\Handlers\FileHandler' driver.
INFO - 2023-07-31 14:04:36 --> Session: Class initialized using 'CodeIgniter\Session\Handlers\FileHandler' driver.
INFO - 2023-07-31 14:06:33 --> Session: Class initialized using 'CodeIgniter\Session\Handlers\FileHandler' driver.
WARNING - 2023-07-31 14:06:34 --> [DEPRECATED] Optional parameter $status declared before required parameter $kecamatan_id is implicitly treated as a required parameter in APPPATH\Entities\Bansos.php on line 28.
 1 SYSTEMPATH\Autoloader\Autoloader.php(312): include_once('C:\\laragon\\www\\bansos\\system\\Debug\\Exceptions.php')
 2 SYSTEMPATH\Autoloader\Autoloader.php(289): CodeIgniter\Autoloader\Autoloader->includeFile('C:\\laragon\\www\\bansos\\app\\Entities\\Bansos.php')
 3 SYSTEMPATH\Autoloader\Autoloader.php(267): CodeIgniter\Autoloader\Autoloader->loadInNamespace('App\\Entities\\Bansos')
 4 [internal function]: CodeIgniter\Autoloader\Autoloader->loadClass('App\\Entities\\Bansos')
 5 SYSTEMPATH\Database\MySQLi\Result.php(150): is_subclass_of('App\\Entities\\Bansos', 'CodeIgniter\\Entity\\Entity')
 6 SYSTEMPATH\Database\BaseResult.php(159): CodeIgniter\Database\MySQLi\Result->fetchObject('App\\Entities\\Bansos')
 7 SYSTEMPATH\Database\BaseResult.php(114): CodeIgniter\Database\BaseResult->getCustomResultObject('App\\Entities\\Bansos')
 8 SYSTEMPATH\Database\BaseResult.php(391): CodeIgniter\Database\BaseResult->getResult('App\\Entities\\Bansos')
 9 SYSTEMPATH\Model.php(201): CodeIgniter\Database\BaseResult->getFirstRow('App\\Entities\\Bansos')
10 SYSTEMPATH\BaseModel.php(557): CodeIgniter\Model->doFind(true, '1')
11 APPPATH\Entities\BansosWarga.php(19): CodeIgniter\BaseModel->find('1')
12 SYSTEMPATH\Entity\Entity.php(491): App\Entities\BansosWarga->getBansos()
13 APPPATH\Views\user\data_cari.php(57): CodeIgniter\Entity\Entity->__get('bansos')
14 SYSTEMPATH\View\View.php(224): include('C:\\laragon\\www\\bansos\\app\\Views\\user\\data_cari.php')
15 SYSTEMPATH\View\View.php(227): CodeIgniter\View\View->CodeIgniter\View\{closure}()
16 SYSTEMPATH\Common.php(1180): CodeIgniter\View\View->render('user/data_cari', [], true)
17 APPPATH\Controllers\User.php(20): view('user/data_cari')
18 SYSTEMPATH\CodeIgniter.php(932): App\Controllers\User->data_cari()
19 SYSTEMPATH\CodeIgniter.php(497): CodeIgniter\CodeIgniter->runController(Object(App\Controllers\User))
20 SYSTEMPATH\CodeIgniter.php(366): CodeIgniter\CodeIgniter->handleRequest(null, Object(Config\Cache), false)
21 FCPATH\index.php(67): CodeIgniter\CodeIgniter->run()
22 SYSTEMPATH\Commands\Server\rewrite.php(47): require_once('C:\\laragon\\www\\bansos\\public\\index.php')
INFO - 2023-07-31 14:11:34 --> Session: Class initialized using 'CodeIgniter\Session\Handlers\FileHandler' driver.
INFO - 2023-07-31 14:11:36 --> Session: Class initialized using 'CodeIgniter\Session\Handlers\FileHandler' driver.
INFO - 2023-07-31 15:02:18 --> Session: Class initialized using 'CodeIgniter\Session\Handlers\FileHandler' driver.
INFO - 2023-07-31 16:11:04 --> Session: Class initialized using 'CodeIgniter\Session\Handlers\FileHandler' driver.
INFO - 2023-07-31 16:20:00 --> Session: Class initialized using 'CodeIgniter\Session\Handlers\FileHandler' driver.
INFO - 2023-07-31 16:20:01 --> Session: Class initialized using 'CodeIgniter\Session\Handlers\FileHandler' driver.
INFO - 2023-07-31 16:20:07 --> Session: Class initialized using 'CodeIgniter\Session\Handlers\FileHandler' driver.
INFO - 2023-07-31 16:20:08 --> Session: Class initialized using 'CodeIgniter\Session\Handlers\FileHandler' driver.
WARNING - 2023-07-31 16:20:08 --> [DEPRECATED] Optional parameter $status declared before required parameter $kecamatan_id is implicitly treated as a required parameter in APPPATH\Entities\JenisBansos.php on line 20.
 1 SYSTEMPATH\Autoloader\Autoloader.php(312): include_once('C:\\laragon\\www\\bansos\\system\\Debug\\Exceptions.php')
 2 SYSTEMPATH\Autoloader\Autoloader.php(289): CodeIgniter\Autoloader\Autoloader->includeFile('C:\\laragon\\www\\bansos\\app\\Entities\\JenisBansos.php')
 3 SYSTEMPATH\Autoloader\Autoloader.php(267): CodeIgniter\Autoloader\Autoloader->loadInNamespace('App\\Entities\\JenisBansos')
 4 [internal function]: CodeIgniter\Autoloader\Autoloader->loadClass('App\\Entities\\JenisBansos')
 5 SYSTEMPATH\Database\MySQLi\Result.php(150): is_subclass_of('App\\Entities\\JenisBansos', 'CodeIgniter\\Entity\\Entity')
 6 SYSTEMPATH\Database\BaseResult.php(159): CodeIgniter\Database\MySQLi\Result->fetchObject('App\\Entities\\JenisBansos')
 7 SYSTEMPATH\Database\BaseResult.php(114): CodeIgniter\Database\BaseResult->getCustomResultObject('App\\Entities\\JenisBansos')
 8 SYSTEMPATH\Model.php(242): CodeIgniter\Database\BaseResult->getResult('App\\Entities\\JenisBansos')
 9 SYSTEMPATH\BaseModel.php(618): CodeIgniter\Model->doFindAll(0, 0)
10 APPPATH\Controllers\Surveillance\SurveillanceController.php(14): CodeIgniter\BaseModel->findAll()
11 SYSTEMPATH\CodeIgniter.php(932): App\Controllers\Surveillance\SurveillanceController->index()
12 SYSTEMPATH\CodeIgniter.php(497): CodeIgniter\CodeIgniter->runController(Object(App\Controllers\Surveillance\SurveillanceController))
13 SYSTEMPATH\CodeIgniter.php(366): CodeIgniter\CodeIgniter->handleRequest(null, Object(Config\Cache), false)
14 FCPATH\index.php(67): CodeIgniter\CodeIgniter->run()
15 SYSTEMPATH\Commands\Server\rewrite.php(47): require_once('C:\\laragon\\www\\bansos\\public\\index.php')
INFO - 2023-07-31 16:20:12 --> Session: Class initialized using 'CodeIgniter\Session\Handlers\FileHandler' driver.
INFO - 2023-07-31 16:20:12 --> Session: Class initialized using 'CodeIgniter\Session\Handlers\FileHandler' driver.
INFO - 2023-07-31 16:20:12 --> Session: Class initialized using 'CodeIgniter\Session\Handlers\FileHandler' driver.
WARNING - 2023-07-31 16:20:12 --> [DEPRECATED] Optional parameter $status declared before required parameter $kecamatan_id is implicitly treated as a required parameter in APPPATH\Entities\JenisBansos.php on line 20.
 1 SYSTEMPATH\Autoloader\Autoloader.php(312): include_once('C:\\laragon\\www\\bansos\\system\\Debug\\Exceptions.php')
 2 SYSTEMPATH\Autoloader\Autoloader.php(289): CodeIgniter\Autoloader\Autoloader->includeFile('C:\\laragon\\www\\bansos\\app\\Entities\\JenisBansos.php')
 3 SYSTEMPATH\Autoloader\Autoloader.php(267): CodeIgniter\Autoloader\Autoloader->loadInNamespace('App\\Entities\\JenisBansos')
 4 [internal function]: CodeIgniter\Autoloader\Autoloader->loadClass('App\\Entities\\JenisBansos')
 5 SYSTEMPATH\Database\MySQLi\Result.php(150): is_subclass_of('App\\Entities\\JenisBansos', 'CodeIgniter\\Entity\\Entity')
 6 SYSTEMPATH\Database\BaseResult.php(159): CodeIgniter\Database\MySQLi\Result->fetchObject('App\\Entities\\JenisBansos')
 7 SYSTEMPATH\Database\BaseResult.php(114): CodeIgniter\Database\BaseResult->getCustomResultObject('App\\Entities\\JenisBansos')
 8 SYSTEMPATH\Model.php(242): CodeIgniter\Database\BaseResult->getResult('App\\Entities\\JenisBansos')
 9 SYSTEMPATH\BaseModel.php(618): CodeIgniter\Model->doFindAll(0, 0)
10 APPPATH\Controllers\Surveillance\SurveillanceController.php(14): CodeIgniter\BaseModel->findAll()
11 SYSTEMPATH\CodeIgniter.php(932): App\Controllers\Surveillance\SurveillanceController->index()
12 SYSTEMPATH\CodeIgniter.php(497): CodeIgniter\CodeIgniter->runController(Object(App\Controllers\Surveillance\SurveillanceController))
13 SYSTEMPATH\CodeIgniter.php(366): CodeIgniter\CodeIgniter->handleRequest(null, Object(Config\Cache), false)
14 FCPATH\index.php(67): CodeIgniter\CodeIgniter->run()
15 SYSTEMPATH\Commands\Server\rewrite.php(47): require_once('C:\\laragon\\www\\bansos\\public\\index.php')
INFO - 2023-07-31 16:20:15 --> Session: Class initialized using 'CodeIgniter\Session\Handlers\FileHandler' driver.
INFO - 2023-07-31 16:20:16 --> Session: Class initialized using 'CodeIgniter\Session\Handlers\FileHandler' driver.
INFO - 2023-07-31 16:20:22 --> Session: Class initialized using 'CodeIgniter\Session\Handlers\FileHandler' driver.
INFO - 2023-07-31 16:20:22 --> Session: Class initialized using 'CodeIgniter\Session\Handlers\FileHandler' driver.
INFO - 2023-07-31 16:20:26 --> Session: Class initialized using 'CodeIgniter\Session\Handlers\FileHandler' driver.
INFO - 2023-07-31 16:20:26 --> Session: Class initialized using 'CodeIgniter\Session\Handlers\FileHandler' driver.
WARNING - 2023-07-31 16:20:26 --> [DEPRECATED] Optional parameter $status declared before required parameter $kecamatan_id is implicitly treated as a required parameter in APPPATH\Entities\Bansos.php on line 28.
 1 SYSTEMPATH\Autoloader\Autoloader.php(312): include_once('C:\\laragon\\www\\bansos\\system\\Debug\\Exceptions.php')
 2 SYSTEMPATH\Autoloader\Autoloader.php(289): CodeIgniter\Autoloader\Autoloader->includeFile('C:\\laragon\\www\\bansos\\app\\Entities\\Bansos.php')
 3 SYSTEMPATH\Autoloader\Autoloader.php(267): CodeIgniter\Autoloader\Autoloader->loadInNamespace('App\\Entities\\Bansos')
 4 [internal function]: CodeIgniter\Autoloader\Autoloader->loadClass('App\\Entities\\Bansos')
 5 SYSTEMPATH\Database\MySQLi\Result.php(150): is_subclass_of('App\\Entities\\Bansos', 'CodeIgniter\\Entity\\Entity')
 6 SYSTEMPATH\Database\BaseResult.php(159): CodeIgniter\Database\MySQLi\Result->fetchObject('App\\Entities\\Bansos')
 7 SYSTEMPATH\Database\BaseResult.php(114): CodeIgniter\Database\BaseResult->getCustomResultObject('App\\Entities\\Bansos')
 8 SYSTEMPATH\Model.php(242): CodeIgniter\Database\BaseResult->getResult('App\\Entities\\Bansos')
 9 SYSTEMPATH\BaseModel.php(618): CodeIgniter\Model->doFindAll(0, 0)
10 APPPATH\Controllers\Surveillance\DataBansosController.php(19): CodeIgniter\BaseModel->findAll()
11 SYSTEMPATH\CodeIgniter.php(932): App\Controllers\Surveillance\DataBansosController->get_table()
12 SYSTEMPATH\CodeIgniter.php(497): CodeIgniter\CodeIgniter->runController(Object(App\Controllers\Surveillance\DataBansosController))
13 SYSTEMPATH\CodeIgniter.php(366): CodeIgniter\CodeIgniter->handleRequest(null, Object(Config\Cache), false)
14 FCPATH\index.php(67): CodeIgniter\CodeIgniter->run()
15 SYSTEMPATH\Commands\Server\rewrite.php(47): require_once('C:\\laragon\\www\\bansos\\public\\index.php')
WARNING - 2023-07-31 16:20:26 --> [DEPRECATED] Optional parameter $status declared before required parameter $kecamatan_id is implicitly treated as a required parameter in APPPATH\Entities\JenisBansos.php on line 20.
 1 SYSTEMPATH\Autoloader\Autoloader.php(312): include_once('C:\\laragon\\www\\bansos\\system\\Debug\\Exceptions.php')
 2 SYSTEMPATH\Autoloader\Autoloader.php(289): CodeIgniter\Autoloader\Autoloader->includeFile('C:\\laragon\\www\\bansos\\app\\Entities\\JenisBansos.php')
 3 SYSTEMPATH\Autoloader\Autoloader.php(267): CodeIgniter\Autoloader\Autoloader->loadInNamespace('App\\Entities\\JenisBansos')
 4 [internal function]: CodeIgniter\Autoloader\Autoloader->loadClass('App\\Entities\\JenisBansos')
 5 SYSTEMPATH\Database\MySQLi\Result.php(150): is_subclass_of('App\\Entities\\JenisBansos', 'CodeIgniter\\Entity\\Entity')
 6 SYSTEMPATH\Database\BaseResult.php(159): CodeIgniter\Database\MySQLi\Result->fetchObject('App\\Entities\\JenisBansos')
 7 SYSTEMPATH\Database\BaseResult.php(114): CodeIgniter\Database\BaseResult->getCustomResultObject('App\\Entities\\JenisBansos')
 8 SYSTEMPATH\Database\BaseResult.php(391): CodeIgniter\Database\BaseResult->getResult('App\\Entities\\JenisBansos')
 9 SYSTEMPATH\Model.php(201): CodeIgniter\Database\BaseResult->getFirstRow('App\\Entities\\JenisBansos')
10 SYSTEMPATH\BaseModel.php(557): CodeIgniter\Model->doFind(true, '5')
11 APPPATH\Entities\Bansos.php(21): CodeIgniter\BaseModel->find('5')
12 SYSTEMPATH\Entity\Entity.php(491): App\Entities\Bansos->getJenis()
13 APPPATH\Views\surveillance\bansos\table.php(22): CodeIgniter\Entity\Entity->__get('jenis')
14 SYSTEMPATH\View\View.php(224): include('C:\\laragon\\www\\bansos\\app\\Views\\surveillance\\bansos\\table.php')
15 SYSTEMPATH\View\View.php(227): CodeIgniter\View\View->CodeIgniter\View\{closure}()
16 SYSTEMPATH\Common.php(1180): CodeIgniter\View\View->render('surveillance/bansos/table', [], true)
17 APPPATH\Controllers\BaseController.php(66): view('surveillance/bansos/table', [...])
18 APPPATH\Controllers\Surveillance\DataBansosController.php(20): App\Controllers\BaseController->renderView('surveillance/bansos/table', [...])
19 SYSTEMPATH\CodeIgniter.php(932): App\Controllers\Surveillance\DataBansosController->get_table()
20 SYSTEMPATH\CodeIgniter.php(497): CodeIgniter\CodeIgniter->runController(Object(App\Controllers\Surveillance\DataBansosController))
21 SYSTEMPATH\CodeIgniter.php(366): CodeIgniter\CodeIgniter->handleRequest(null, Object(Config\Cache), false)
22 FCPATH\index.php(67): CodeIgniter\CodeIgniter->run()
23 SYSTEMPATH\Commands\Server\rewrite.php(47): require_once('C:\\laragon\\www\\bansos\\public\\index.php')
INFO - 2023-07-31 16:20:29 --> Session: Class initialized using 'CodeIgniter\Session\Handlers\FileHandler' driver.
WARNING - 2023-07-31 16:20:29 --> [DEPRECATED] Optional parameter $status declared before required parameter $kecamatan_id is implicitly treated as a required parameter in APPPATH\Entities\Bansos.php on line 28.
 1 SYSTEMPATH\Autoloader\Autoloader.php(312): include_once('C:\\laragon\\www\\bansos\\system\\Debug\\Exceptions.php')
 2 SYSTEMPATH\Autoloader\Autoloader.php(289): CodeIgniter\Autoloader\Autoloader->includeFile('C:\\laragon\\www\\bansos\\app\\Entities\\Bansos.php')
 3 SYSTEMPATH\Autoloader\Autoloader.php(267): CodeIgniter\Autoloader\Autoloader->loadInNamespace('App\\Entities\\Bansos')
 4 [internal function]: CodeIgniter\Autoloader\Autoloader->loadClass('App\\Entities\\Bansos')
 5 SYSTEMPATH\Database\MySQLi\Result.php(150): is_subclass_of('App\\Entities\\Bansos', 'CodeIgniter\\Entity\\Entity')
 6 SYSTEMPATH\Database\BaseResult.php(159): CodeIgniter\Database\MySQLi\Result->fetchObject('App\\Entities\\Bansos')
 7 SYSTEMPATH\Database\BaseResult.php(114): CodeIgniter\Database\BaseResult->getCustomResultObject('App\\Entities\\Bansos')
 8 SYSTEMPATH\Database\BaseResult.php(391): CodeIgniter\Database\BaseResult->getResult('App\\Entities\\Bansos')
 9 SYSTEMPATH\Model.php(201): CodeIgniter\Database\BaseResult->getFirstRow('App\\Entities\\Bansos')
10 SYSTEMPATH\BaseModel.php(557): CodeIgniter\Model->doFind(true, '5')
11 APPPATH\Controllers\Surveillance\DataBansosWargaController.php(17): CodeIgniter\BaseModel->find('5')
12 SYSTEMPATH\CodeIgniter.php(932): App\Controllers\Surveillance\DataBansosWargaController->index('5')
13 SYSTEMPATH\CodeIgniter.php(497): CodeIgniter\CodeIgniter->runController(Object(App\Controllers\Surveillance\DataBansosWargaController))
14 SYSTEMPATH\CodeIgniter.php(366): CodeIgniter\CodeIgniter->handleRequest(null, Object(Config\Cache), false)
15 FCPATH\index.php(67): CodeIgniter\CodeIgniter->run()
16 SYSTEMPATH\Commands\Server\rewrite.php(47): require_once('C:\\laragon\\www\\bansos\\public\\index.php')
INFO - 2023-07-31 16:20:30 --> Session: Class initialized using 'CodeIgniter\Session\Handlers\FileHandler' driver.
WARNING - 2023-07-31 16:20:30 --> [DEPRECATED] Optional parameter $status declared before required parameter $kecamatan_id is implicitly treated as a required parameter in APPPATH\Entities\Bansos.php on line 28.
 1 SYSTEMPATH\Autoloader\Autoloader.php(312): include_once('C:\\laragon\\www\\bansos\\system\\Debug\\Exceptions.php')
 2 SYSTEMPATH\Autoloader\Autoloader.php(289): CodeIgniter\Autoloader\Autoloader->includeFile('C:\\laragon\\www\\bansos\\app\\Entities\\Bansos.php')
 3 SYSTEMPATH\Autoloader\Autoloader.php(267): CodeIgniter\Autoloader\Autoloader->loadInNamespace('App\\Entities\\Bansos')
 4 [internal function]: CodeIgniter\Autoloader\Autoloader->loadClass('App\\Entities\\Bansos')
 5 SYSTEMPATH\Database\MySQLi\Result.php(150): is_subclass_of('App\\Entities\\Bansos', 'CodeIgniter\\Entity\\Entity')
 6 SYSTEMPATH\Database\BaseResult.php(159): CodeIgniter\Database\MySQLi\Result->fetchObject('App\\Entities\\Bansos')
 7 SYSTEMPATH\Database\BaseResult.php(114): CodeIgniter\Database\BaseResult->getCustomResultObject('App\\Entities\\Bansos')
 8 SYSTEMPATH\Database\BaseResult.php(391): CodeIgniter\Database\BaseResult->getResult('App\\Entities\\Bansos')
 9 SYSTEMPATH\Model.php(201): CodeIgniter\Database\BaseResult->getFirstRow('App\\Entities\\Bansos')
10 SYSTEMPATH\BaseModel.php(557): CodeIgniter\Model->doFind(true, '5')
11 APPPATH\Controllers\Surveillance\DataBansosWargaController.php(26): CodeIgniter\BaseModel->find('5')
12 SYSTEMPATH\CodeIgniter.php(932): App\Controllers\Surveillance\DataBansosWargaController->get_table('5')
13 SYSTEMPATH\CodeIgniter.php(497): CodeIgniter\CodeIgniter->runController(Object(App\Controllers\Surveillance\DataBansosWargaController))
14 SYSTEMPATH\CodeIgniter.php(366): CodeIgniter\CodeIgniter->handleRequest(null, Object(Config\Cache), false)
15 FCPATH\index.php(67): CodeIgniter\CodeIgniter->run()
16 SYSTEMPATH\Commands\Server\rewrite.php(47): require_once('C:\\laragon\\www\\bansos\\public\\index.php')
INFO - 2023-07-31 16:20:34 --> Session: Class initialized using 'CodeIgniter\Session\Handlers\FileHandler' driver.
WARNING - 2023-07-31 16:20:34 --> [DEPRECATED] Optional parameter $status declared before required parameter $kecamatan_id is implicitly treated as a required parameter in APPPATH\Entities\Bansos.php on line 28.
 1 SYSTEMPATH\Autoloader\Autoloader.php(312): include_once('C:\\laragon\\www\\bansos\\system\\Debug\\Exceptions.php')
 2 SYSTEMPATH\Autoloader\Autoloader.php(289): CodeIgniter\Autoloader\Autoloader->includeFile('C:\\laragon\\www\\bansos\\app\\Entities\\Bansos.php')
 3 SYSTEMPATH\Autoloader\Autoloader.php(267): CodeIgniter\Autoloader\Autoloader->loadInNamespace('App\\Entities\\Bansos')
 4 [internal function]: CodeIgniter\Autoloader\Autoloader->loadClass('App\\Entities\\Bansos')
 5 SYSTEMPATH\Database\MySQLi\Result.php(150): is_subclass_of('App\\Entities\\Bansos', 'CodeIgniter\\Entity\\Entity')
 6 SYSTEMPATH\Database\BaseResult.php(159): CodeIgniter\Database\MySQLi\Result->fetchObject('App\\Entities\\Bansos')
 7 SYSTEMPATH\Database\BaseResult.php(114): CodeIgniter\Database\BaseResult->getCustomResultObject('App\\Entities\\Bansos')
 8 SYSTEMPATH\Database\BaseResult.php(391): CodeIgniter\Database\BaseResult->getResult('App\\Entities\\Bansos')
 9 SYSTEMPATH\Model.php(201): CodeIgniter\Database\BaseResult->getFirstRow('App\\Entities\\Bansos')
10 SYSTEMPATH\BaseModel.php(557): CodeIgniter\Model->doFind(true, '5')
11 APPPATH\Controllers\Surveillance\DataBansosWargaController.php(32): CodeIgniter\BaseModel->find('5')
12 SYSTEMPATH\CodeIgniter.php(932): App\Controllers\Surveillance\DataBansosWargaController->tambah('5')
13 SYSTEMPATH\CodeIgniter.php(497): CodeIgniter\CodeIgniter->runController(Object(App\Controllers\Surveillance\DataBansosWargaController))
14 SYSTEMPATH\CodeIgniter.php(366): CodeIgniter\CodeIgniter->handleRequest(null, Object(Config\Cache), false)
15 FCPATH\index.php(67): CodeIgniter\CodeIgniter->run()
16 SYSTEMPATH\Commands\Server\rewrite.php(47): require_once('C:\\laragon\\www\\bansos\\public\\index.php')
INFO - 2023-07-31 16:20:36 --> Session: Class initialized using 'CodeIgniter\Session\Handlers\FileHandler' driver.
INFO - 2023-07-31 16:20:36 --> Session: Class initialized using 'CodeIgniter\Session\Handlers\FileHandler' driver.
WARNING - 2023-07-31 16:20:36 --> [DEPRECATED] Optional parameter $status declared before required parameter $kecamatan_id is implicitly treated as a required parameter in APPPATH\Entities\Bansos.php on line 28.
 1 SYSTEMPATH\Autoloader\Autoloader.php(312): include_once('C:\\laragon\\www\\bansos\\system\\Debug\\Exceptions.php')
 2 SYSTEMPATH\Autoloader\Autoloader.php(289): CodeIgniter\Autoloader\Autoloader->includeFile('C:\\laragon\\www\\bansos\\app\\Entities\\Bansos.php')
 3 SYSTEMPATH\Autoloader\Autoloader.php(267): CodeIgniter\Autoloader\Autoloader->loadInNamespace('App\\Entities\\Bansos')
 4 [internal function]: CodeIgniter\Autoloader\Autoloader->loadClass('App\\Entities\\Bansos')
 5 SYSTEMPATH\Database\MySQLi\Result.php(150): is_subclass_of('App\\Entities\\Bansos', 'CodeIgniter\\Entity\\Entity')
 6 SYSTEMPATH\Database\BaseResult.php(159): CodeIgniter\Database\MySQLi\Result->fetchObject('App\\Entities\\Bansos')
 7 SYSTEMPATH\Database\BaseResult.php(114): CodeIgniter\Database\BaseResult->getCustomResultObject('App\\Entities\\Bansos')
 8 SYSTEMPATH\Model.php(242): CodeIgniter\Database\BaseResult->getResult('App\\Entities\\Bansos')
 9 SYSTEMPATH\BaseModel.php(618): CodeIgniter\Model->doFindAll(0, 0)
10 APPPATH\Controllers\Surveillance\DataBansosController.php(19): CodeIgniter\BaseModel->findAll()
11 SYSTEMPATH\CodeIgniter.php(932): App\Controllers\Surveillance\DataBansosController->get_table()
12 SYSTEMPATH\CodeIgniter.php(497): CodeIgniter\CodeIgniter->runController(Object(App\Controllers\Surveillance\DataBansosController))
13 SYSTEMPATH\CodeIgniter.php(366): CodeIgniter\CodeIgniter->handleRequest(null, Object(Config\Cache), false)
14 FCPATH\index.php(67): CodeIgniter\CodeIgniter->run()
15 SYSTEMPATH\Commands\Server\rewrite.php(47): require_once('C:\\laragon\\www\\bansos\\public\\index.php')
WARNING - 2023-07-31 16:20:36 --> [DEPRECATED] Optional parameter $status declared before required parameter $kecamatan_id is implicitly treated as a required parameter in APPPATH\Entities\JenisBansos.php on line 20.
 1 SYSTEMPATH\Autoloader\Autoloader.php(312): include_once('C:\\laragon\\www\\bansos\\system\\Debug\\Exceptions.php')
 2 SYSTEMPATH\Autoloader\Autoloader.php(289): CodeIgniter\Autoloader\Autoloader->includeFile('C:\\laragon\\www\\bansos\\app\\Entities\\JenisBansos.php')
 3 SYSTEMPATH\Autoloader\Autoloader.php(267): CodeIgniter\Autoloader\Autoloader->loadInNamespace('App\\Entities\\JenisBansos')
 4 [internal function]: CodeIgniter\Autoloader\Autoloader->loadClass('App\\Entities\\JenisBansos')
 5 SYSTEMPATH\Database\MySQLi\Result.php(150): is_subclass_of('App\\Entities\\JenisBansos', 'CodeIgniter\\Entity\\Entity')
 6 SYSTEMPATH\Database\BaseResult.php(159): CodeIgniter\Database\MySQLi\Result->fetchObject('App\\Entities\\JenisBansos')
 7 SYSTEMPATH\Database\BaseResult.php(114): CodeIgniter\Database\BaseResult->getCustomResultObject('App\\Entities\\JenisBansos')
 8 SYSTEMPATH\Database\BaseResult.php(391): CodeIgniter\Database\BaseResult->getResult('App\\Entities\\JenisBansos')
 9 SYSTEMPATH\Model.php(201): CodeIgniter\Database\BaseResult->getFirstRow('App\\Entities\\JenisBansos')
10 SYSTEMPATH\BaseModel.php(557): CodeIgniter\Model->doFind(true, '5')
11 APPPATH\Entities\Bansos.php(21): CodeIgniter\BaseModel->find('5')
12 SYSTEMPATH\Entity\Entity.php(491): App\Entities\Bansos->getJenis()
13 APPPATH\Views\surveillance\bansos\table.php(22): CodeIgniter\Entity\Entity->__get('jenis')
14 SYSTEMPATH\View\View.php(224): include('C:\\laragon\\www\\bansos\\app\\Views\\surveillance\\bansos\\table.php')
15 SYSTEMPATH\View\View.php(227): CodeIgniter\View\View->CodeIgniter\View\{closure}()
16 SYSTEMPATH\Common.php(1180): CodeIgniter\View\View->render('surveillance/bansos/table', [], true)
17 APPPATH\Controllers\BaseController.php(66): view('surveillance/bansos/table', [...])
18 APPPATH\Controllers\Surveillance\DataBansosController.php(20): App\Controllers\BaseController->renderView('surveillance/bansos/table', [...])
19 SYSTEMPATH\CodeIgniter.php(932): App\Controllers\Surveillance\DataBansosController->get_table()
20 SYSTEMPATH\CodeIgniter.php(497): CodeIgniter\CodeIgniter->runController(Object(App\Controllers\Surveillance\DataBansosController))
21 SYSTEMPATH\CodeIgniter.php(366): CodeIgniter\CodeIgniter->handleRequest(null, Object(Config\Cache), false)
22 FCPATH\index.php(67): CodeIgniter\CodeIgniter->run()
23 SYSTEMPATH\Commands\Server\rewrite.php(47): require_once('C:\\laragon\\www\\bansos\\public\\index.php')
INFO - 2023-07-31 16:20:44 --> Session: Class initialized using 'CodeIgniter\Session\Handlers\FileHandler' driver.
WARNING - 2023-07-31 16:20:44 --> [DEPRECATED] Optional parameter $status declared before required parameter $kecamatan_id is implicitly treated as a required parameter in APPPATH\Entities\JenisBansos.php on line 20.
 1 SYSTEMPATH\Autoloader\Autoloader.php(312): include_once('C:\\laragon\\www\\bansos\\system\\Debug\\Exceptions.php')
 2 SYSTEMPATH\Autoloader\Autoloader.php(289): CodeIgniter\Autoloader\Autoloader->includeFile('C:\\laragon\\www\\bansos\\app\\Entities\\JenisBansos.php')
 3 SYSTEMPATH\Autoloader\Autoloader.php(267): CodeIgniter\Autoloader\Autoloader->loadInNamespace('App\\Entities\\JenisBansos')
 4 [internal function]: CodeIgniter\Autoloader\Autoloader->loadClass('App\\Entities\\JenisBansos')
 5 SYSTEMPATH\Database\MySQLi\Result.php(150): is_subclass_of('App\\Entities\\JenisBansos', 'CodeIgniter\\Entity\\Entity')
 6 SYSTEMPATH\Database\BaseResult.php(159): CodeIgniter\Database\MySQLi\Result->fetchObject('App\\Entities\\JenisBansos')
 7 SYSTEMPATH\Database\BaseResult.php(114): CodeIgniter\Database\BaseResult->getCustomResultObject('App\\Entities\\JenisBansos')
 8 SYSTEMPATH\Model.php(242): CodeIgniter\Database\BaseResult->getResult('App\\Entities\\JenisBansos')
 9 SYSTEMPATH\BaseModel.php(618): CodeIgniter\Model->doFindAll(0, 0)
10 APPPATH\Controllers\Surveillance\SurveillanceController.php(14): CodeIgniter\BaseModel->findAll()
11 SYSTEMPATH\CodeIgniter.php(932): App\Controllers\Surveillance\SurveillanceController->index()
12 SYSTEMPATH\CodeIgniter.php(497): CodeIgniter\CodeIgniter->runController(Object(App\Controllers\Surveillance\SurveillanceController))
13 SYSTEMPATH\CodeIgniter.php(366): CodeIgniter\CodeIgniter->handleRequest(null, Object(Config\Cache), false)
14 FCPATH\index.php(67): CodeIgniter\CodeIgniter->run()
15 SYSTEMPATH\Commands\Server\rewrite.php(47): require_once('C:\\laragon\\www\\bansos\\public\\index.php')
INFO - 2023-07-31 16:20:47 --> Session: Class initialized using 'CodeIgniter\Session\Handlers\FileHandler' driver.
INFO - 2023-07-31 16:20:48 --> Session: Class initialized using 'CodeIgniter\Session\Handlers\FileHandler' driver.
INFO - 2023-07-31 16:46:07 --> Session: Class initialized using 'CodeIgniter\Session\Handlers\FileHandler' driver.
